2022-11-09 21:01:52,594 INFO notifyConnectTimeout:200

2022-11-09 21:01:52,600 INFO notifySocketTimeout:8000

2022-11-09 21:01:52,600 INFO isHealthCheck:true

2022-11-09 21:01:52,600 INFO maxHealthCheckFailCount:12

2022-11-09 21:01:52,600 INFO maxContent:10485760

2022-11-09 21:36:48,040 INFO notifyConnectTimeout:200

2022-11-09 21:36:48,045 INFO notifySocketTimeout:8000

2022-11-09 21:36:48,045 INFO isHealthCheck:true

2022-11-09 21:36:48,045 INFO maxHealthCheckFailCount:12

2022-11-09 21:36:48,045 INFO maxContent:10485760

2022-11-09 21:40:42,363 INFO notifyConnectTimeout:200

2022-11-09 21:40:42,367 INFO notifySocketTimeout:8000

2022-11-09 21:40:42,368 INFO isHealthCheck:true

2022-11-09 21:40:42,368 INFO maxHealthCheckFailCount:12

2022-11-09 21:40:42,368 INFO maxContent:10485760

2022-11-09 21:41:11,687 INFO notifyConnectTimeout:200

2022-11-09 21:41:11,692 INFO notifySocketTimeout:8000

2022-11-09 21:41:11,692 INFO isHealthCheck:true

2022-11-09 21:41:11,692 INFO maxHealthCheckFailCount:12

2022-11-09 21:41:11,692 INFO maxContent:10485760

2022-11-09 21:41:31,597 INFO notifyConnectTimeout:200

2022-11-09 21:41:31,602 INFO notifySocketTimeout:8000

2022-11-09 21:41:31,602 INFO isHealthCheck:true

2022-11-09 21:41:31,602 INFO maxHealthCheckFailCount:12

2022-11-09 21:41:31,602 INFO maxContent:10485760

2022-11-09 21:42:36,009 INFO notifyConnectTimeout:200

2022-11-09 21:42:36,013 INFO notifySocketTimeout:8000

2022-11-09 21:42:36,013 INFO isHealthCheck:true

2022-11-09 21:42:36,013 INFO maxHealthCheckFailCount:12

2022-11-09 21:42:36,013 INFO maxContent:10485760

2022-11-09 21:50:35,803 INFO notifyConnectTimeout:200

2022-11-09 21:50:35,809 INFO notifySocketTimeout:8000

2022-11-09 21:50:35,810 INFO isHealthCheck:true

2022-11-09 21:50:35,810 INFO maxHealthCheckFailCount:12

2022-11-09 21:50:35,810 INFO maxContent:10485760

2022-11-09 21:52:25,314 INFO notifyConnectTimeout:200

2022-11-09 21:52:25,318 INFO notifySocketTimeout:8000

2022-11-09 21:52:25,319 INFO isHealthCheck:true

2022-11-09 21:52:25,319 INFO maxHealthCheckFailCount:12

2022-11-09 21:52:25,319 INFO maxContent:10485760

2022-11-09 21:54:12,508 INFO notifyConnectTimeout:200

2022-11-09 21:54:12,511 INFO notifySocketTimeout:8000

2022-11-09 21:54:12,511 INFO isHealthCheck:true

2022-11-09 21:54:12,511 INFO maxHealthCheckFailCount:12

2022-11-09 21:54:12,511 INFO maxContent:10485760

2022-11-09 21:54:18,185 INFO use local db service for init

2022-11-09 21:54:20,808 WARN Lexical error at line 4, column 66.  Encountered: <EOF> after : "".

2022-11-09 21:54:20,814 WARN Syntax error: Encountered "*" at line 1, column 1.

2022-11-09 21:54:22,015 WARN Lexical error at line 4, column 13.  Encountered: "`" (96), after : "".

2022-11-09 21:54:22,016 WARN Lexical error at line 1, column 13.  Encountered: "`" (96), after : "".

2022-11-09 21:54:22,016 WARN Lexical error at line 1, column 13.  Encountered: "`" (96), after : "".

2022-11-09 21:54:22,016 WARN Lexical error at line 1, column 13.  Encountered: "`" (96), after : "".

2022-11-09 21:54:22,016 INFO use StandaloneDatabaseOperateImpl

2022-11-09 21:54:22,098 WARN DumpService start

2022-11-09 21:54:22,099 INFO start clear all config-info.

2022-11-09 21:54:22,100 WARN clear all config-info failed.

2022-11-09 21:54:22,100 WARN clear all config-info-tenant failed.

2022-11-09 21:54:22,155 INFO start clear all config-info-beta.

2022-11-09 21:54:22,155 WARN clear all config-info-beta failed.

2022-11-09 21:54:22,155 WARN clear all config-info-beta-tenant failed.

2022-11-09 21:54:22,168 INFO start clear all config-info-tag.

2022-11-09 21:54:22,169 WARN clear all config-info-tag failed.

2022-11-09 21:54:22,169 WARN clear all config-info-tag-tenant failed.

