2022-11-09 21:54:22,231 INFO [long-pulling] client count 0

2022-11-09 21:54:32,216 INFO toNotifyTaskSize = 0

2022-11-09 21:54:32,216 INFO toClientNotifyTaskSize = 0

2022-11-09 21:54:32,218 INFO groupCount = 0, subscriberClientCount = 0, subscriberCount = 0

2022-11-09 21:54:32,232 INFO [long-pulling] client count 0

2022-11-09 21:54:42,232 INFO toNotifyTaskSize = 0

2022-11-09 21:54:42,232 INFO groupCount = 0, subscriberClientCount = 0, subscriberCount = 0

2022-11-09 21:54:42,232 INFO toClientNotifyTaskSize = 0

2022-11-09 21:54:42,247 INFO [long-pulling] client count 0

2022-11-09 21:54:52,233 INFO toNotifyTaskSize = 0

2022-11-09 21:54:52,233 INFO groupCount = 0, subscriberClientCount = 0, subscriberCount = 0

2022-11-09 21:54:52,233 INFO toClientNotifyTaskSize = 0

2022-11-09 21:54:52,248 INFO [long-pulling] client count 0

2022-11-09 21:55:02,243 INFO groupCount = 0, subscriberClientCount = 0, subscriberCount = 0

2022-11-09 21:55:02,243 INFO toNotifyTaskSize = 0

2022-11-09 21:55:02,243 INFO toClientNotifyTaskSize = 0

2022-11-09 21:55:02,259 INFO [long-pulling] client count 0

2022-11-09 21:55:12,256 INFO groupCount = 0, subscriberClientCount = 0, subscriberCount = 0

2022-11-09 21:55:12,256 INFO toNotifyTaskSize = 0

2022-11-09 21:55:12,256 INFO toClientNotifyTaskSize = 0

2022-11-09 21:55:12,271 INFO [long-pulling] client count 0

2022-11-09 21:55:22,259 INFO groupCount = 0, subscriberClientCount = 0, subscriberCount = 0

2022-11-09 21:55:22,259 INFO toNotifyTaskSize = 0

2022-11-09 21:55:22,259 INFO toClientNotifyTaskSize = 0

2022-11-09 21:55:22,275 INFO [long-pulling] client count 0

2022-11-09 21:55:32,266 INFO toNotifyTaskSize = 0

2022-11-09 21:55:32,266 INFO groupCount = 0, subscriberClientCount = 0, subscriberCount = 0

2022-11-09 21:55:32,266 INFO toClientNotifyTaskSize = 0

2022-11-09 21:55:32,282 INFO [long-pulling] client count 0

2022-11-09 21:55:42,269 INFO groupCount = 0, subscriberClientCount = 0, subscriberCount = 0

2022-11-09 21:55:42,269 INFO toNotifyTaskSize = 0

2022-11-09 21:55:42,269 INFO toClientNotifyTaskSize = 0

2022-11-09 21:55:42,284 INFO [long-pulling] client count 0

2022-11-09 21:55:52,274 INFO toNotifyTaskSize = 0

2022-11-09 21:55:52,274 INFO groupCount = 0, subscriberClientCount = 0, subscriberCount = 0

2022-11-09 21:55:52,274 INFO toClientNotifyTaskSize = 0

2022-11-09 21:55:52,289 INFO [long-pulling] client count 0

2022-11-09 21:56:02,282 INFO toNotifyTaskSize = 0

2022-11-09 21:56:02,282 INFO groupCount = 0, subscriberClientCount = 0, subscriberCount = 0

2022-11-09 21:56:02,282 INFO toClientNotifyTaskSize = 0

2022-11-09 21:56:02,297 INFO [long-pulling] client count 0

2022-11-09 21:56:12,284 INFO groupCount = 0, subscriberClientCount = 0, subscriberCount = 0

2022-11-09 21:56:12,284 INFO toNotifyTaskSize = 0

2022-11-09 21:56:12,284 INFO toClientNotifyTaskSize = 0

2022-11-09 21:56:12,300 INFO [long-pulling] client count 0

2022-11-09 21:56:22,294 INFO groupCount = 0, subscriberClientCount = 0, subscriberCount = 0

2022-11-09 21:56:22,294 INFO toNotifyTaskSize = 0

2022-11-09 21:56:22,294 INFO toClientNotifyTaskSize = 0

2022-11-09 21:56:22,310 INFO [long-pulling] client count 0

2022-11-09 21:56:32,299 INFO groupCount = 0, subscriberClientCount = 0, subscriberCount = 0

2022-11-09 21:56:32,299 INFO toNotifyTaskSize = 0

2022-11-09 21:56:32,299 INFO toClientNotifyTaskSize = 0

2022-11-09 21:56:32,314 INFO [long-pulling] client count 0

2022-11-09 21:56:42,304 INFO groupCount = 0, subscriberClientCount = 0, subscriberCount = 0

2022-11-09 21:56:42,304 INFO toNotifyTaskSize = 0

2022-11-09 21:56:42,304 INFO toClientNotifyTaskSize = 0

2022-11-09 21:56:42,319 INFO [long-pulling] client count 0

2022-11-09 21:56:52,312 INFO groupCount = 0, subscriberClientCount = 0, subscriberCount = 0

2022-11-09 21:56:52,312 INFO toNotifyTaskSize = 0

2022-11-09 21:56:52,312 INFO toClientNotifyTaskSize = 0

2022-11-09 21:56:52,327 INFO [long-pulling] client count 0

2022-11-09 21:57:02,322 INFO toNotifyTaskSize = 0

2022-11-09 21:57:02,322 INFO groupCount = 0, subscriberClientCount = 0, subscriberCount = 0

2022-11-09 21:57:02,322 INFO toClientNotifyTaskSize = 0

2022-11-09 21:57:02,338 INFO [long-pulling] client count 0

2022-11-09 21:57:12,335 INFO toNotifyTaskSize = 0

2022-11-09 21:57:12,335 INFO toClientNotifyTaskSize = 0

2022-11-09 21:57:12,335 INFO groupCount = 0, subscriberClientCount = 0, subscriberCount = 0

2022-11-09 21:57:12,351 INFO [long-pulling] client count 0

2022-11-09 21:57:22,341 INFO toNotifyTaskSize = 0

2022-11-09 21:57:22,341 INFO groupCount = 0, subscriberClientCount = 0, subscriberCount = 0

2022-11-09 21:57:22,341 INFO toClientNotifyTaskSize = 0

2022-11-09 21:57:22,357 INFO [long-pulling] client count 0

2022-11-09 21:57:32,342 INFO groupCount = 0, subscriberClientCount = 0, subscriberCount = 0

2022-11-09 21:57:32,342 INFO toNotifyTaskSize = 0

2022-11-09 21:57:32,342 INFO toClientNotifyTaskSize = 0

2022-11-09 21:57:32,358 INFO [long-pulling] client count 0

2022-11-09 21:57:42,345 INFO groupCount = 0, subscriberClientCount = 0, subscriberCount = 0

2022-11-09 21:57:42,345 INFO toNotifyTaskSize = 0

2022-11-09 21:57:42,345 INFO toClientNotifyTaskSize = 0

2022-11-09 21:57:42,361 INFO [long-pulling] client count 0

2022-11-09 21:57:52,356 INFO groupCount = 0, subscriberClientCount = 0, subscriberCount = 0

2022-11-09 21:57:52,356 INFO toNotifyTaskSize = 0

2022-11-09 21:57:52,356 INFO toClientNotifyTaskSize = 0

2022-11-09 21:57:52,372 INFO [long-pulling] client count 0

2022-11-09 21:58:02,368 INFO toNotifyTaskSize = 0

2022-11-09 21:58:02,368 INFO groupCount = 0, subscriberClientCount = 0, subscriberCount = 0

2022-11-09 21:58:02,368 INFO toClientNotifyTaskSize = 0

2022-11-09 21:58:02,384 INFO [long-pulling] client count 0

2022-11-09 21:58:12,373 INFO toNotifyTaskSize = 0

2022-11-09 21:58:12,373 INFO groupCount = 0, subscriberClientCount = 0, subscriberCount = 0

2022-11-09 21:58:12,373 INFO toClientNotifyTaskSize = 0

2022-11-09 21:58:12,388 INFO [long-pulling] client count 0

2022-11-09 21:58:22,378 INFO groupCount = 0, subscriberClientCount = 0, subscriberCount = 0

2022-11-09 21:58:22,378 INFO toNotifyTaskSize = 0

2022-11-09 21:58:22,378 INFO toClientNotifyTaskSize = 0

2022-11-09 21:58:22,393 INFO [long-pulling] client count 0

2022-11-09 21:58:32,384 INFO groupCount = 0, subscriberClientCount = 0, subscriberCount = 0

2022-11-09 21:58:32,384 INFO toNotifyTaskSize = 0

2022-11-09 21:58:32,384 INFO toClientNotifyTaskSize = 0

2022-11-09 21:58:32,399 INFO [long-pulling] client count 0

2022-11-09 21:58:42,386 INFO groupCount = 0, subscriberClientCount = 0, subscriberCount = 0

2022-11-09 21:58:42,386 INFO toNotifyTaskSize = 0

2022-11-09 21:58:42,386 INFO toClientNotifyTaskSize = 0

2022-11-09 21:58:42,402 INFO [long-pulling] client count 0

2022-11-09 21:58:52,399 INFO toNotifyTaskSize = 0

2022-11-09 21:58:52,399 INFO groupCount = 0, subscriberClientCount = 0, subscriberCount = 0

2022-11-09 21:58:52,399 INFO toClientNotifyTaskSize = 0

2022-11-09 21:58:52,415 INFO [long-pulling] client count 0

2022-11-09 21:59:02,406 INFO groupCount = 0, subscriberClientCount = 0, subscriberCount = 0

2022-11-09 21:59:02,406 INFO toNotifyTaskSize = 0

2022-11-09 21:59:02,406 INFO toClientNotifyTaskSize = 0

2022-11-09 21:59:02,421 INFO [long-pulling] client count 0

2022-11-09 21:59:12,416 INFO toNotifyTaskSize = 0

2022-11-09 21:59:12,416 INFO groupCount = 0, subscriberClientCount = 0, subscriberCount = 0

2022-11-09 21:59:12,416 INFO toClientNotifyTaskSize = 0

2022-11-09 21:59:12,432 INFO [long-pulling] client count 0

2022-11-09 21:59:22,429 INFO toNotifyTaskSize = 0

2022-11-09 21:59:22,429 INFO groupCount = 0, subscriberClientCount = 0, subscriberCount = 0

2022-11-09 21:59:22,429 INFO toClientNotifyTaskSize = 0

2022-11-09 21:59:22,446 INFO [long-pulling] client count 0

2022-11-09 21:59:32,438 INFO groupCount = 0, subscriberClientCount = 0, subscriberCount = 0

2022-11-09 21:59:32,438 INFO toNotifyTaskSize = 0

2022-11-09 21:59:32,438 INFO toClientNotifyTaskSize = 0

2022-11-09 21:59:32,454 INFO [long-pulling] client count 0

2022-11-09 21:59:42,442 INFO toNotifyTaskSize = 0

2022-11-09 21:59:42,442 INFO groupCount = 0, subscriberClientCount = 0, subscriberCount = 0

2022-11-09 21:59:42,442 INFO toClientNotifyTaskSize = 0

2022-11-09 21:59:42,457 INFO [long-pulling] client count 0

2022-11-09 21:59:52,456 INFO toNotifyTaskSize = 0

2022-11-09 21:59:52,456 INFO groupCount = 0, subscriberClientCount = 0, subscriberCount = 0

2022-11-09 21:59:52,456 INFO toClientNotifyTaskSize = 0

2022-11-09 21:59:52,472 INFO [long-pulling] client count 0

2022-11-09 22:00:02,467 INFO toNotifyTaskSize = 0

2022-11-09 22:00:02,467 INFO toClientNotifyTaskSize = 0

2022-11-09 22:00:02,467 INFO groupCount = 0, subscriberClientCount = 0, subscriberCount = 0

2022-11-09 22:00:02,483 INFO [long-pulling] client count 0

2022-11-09 22:00:12,481 INFO toNotifyTaskSize = 0

2022-11-09 22:00:12,481 INFO toClientNotifyTaskSize = 0

2022-11-09 22:00:12,481 INFO groupCount = 0, subscriberClientCount = 0, subscriberCount = 0

2022-11-09 22:00:12,497 INFO [long-pulling] client count 0

2022-11-09 22:00:22,491 INFO toNotifyTaskSize = 0

2022-11-09 22:00:22,491 INFO groupCount = 0, subscriberClientCount = 0, subscriberCount = 0

2022-11-09 22:00:22,491 INFO toClientNotifyTaskSize = 0

2022-11-09 22:00:22,506 INFO [long-pulling] client count 0

2022-11-09 22:00:32,496 INFO toNotifyTaskSize = 0

2022-11-09 22:00:32,496 INFO groupCount = 0, subscriberClientCount = 0, subscriberCount = 0

2022-11-09 22:00:32,496 INFO toClientNotifyTaskSize = 0

2022-11-09 22:00:32,512 INFO [long-pulling] client count 0

2022-11-09 22:00:42,505 INFO groupCount = 0, subscriberClientCount = 0, subscriberCount = 0

2022-11-09 22:00:42,505 INFO toNotifyTaskSize = 0

2022-11-09 22:00:42,505 INFO toClientNotifyTaskSize = 0

2022-11-09 22:00:42,520 INFO [long-pulling] client count 0

2022-11-09 22:00:52,517 INFO toNotifyTaskSize = 0

2022-11-09 22:00:52,517 INFO groupCount = 0, subscriberClientCount = 0, subscriberCount = 0

2022-11-09 22:00:52,517 INFO toClientNotifyTaskSize = 0

2022-11-09 22:00:52,533 INFO [long-pulling] client count 0

2022-11-09 22:01:02,526 INFO groupCount = 0, subscriberClientCount = 0, subscriberCount = 0

2022-11-09 22:01:02,526 INFO toNotifyTaskSize = 0

2022-11-09 22:01:02,526 INFO toClientNotifyTaskSize = 0

2022-11-09 22:01:02,541 INFO [long-pulling] client count 0

2022-11-09 22:01:12,535 INFO toNotifyTaskSize = 0

2022-11-09 22:01:12,535 INFO groupCount = 0, subscriberClientCount = 0, subscriberCount = 0

2022-11-09 22:01:12,535 INFO toClientNotifyTaskSize = 0

2022-11-09 22:01:12,551 INFO [long-pulling] client count 0

2022-11-09 22:01:22,541 INFO groupCount = 0, subscriberClientCount = 0, subscriberCount = 0

2022-11-09 22:01:22,541 INFO toNotifyTaskSize = 0

2022-11-09 22:01:22,542 INFO toClientNotifyTaskSize = 0

2022-11-09 22:01:22,556 INFO [long-pulling] client count 0

2022-11-09 22:01:32,547 INFO groupCount = 0, subscriberClientCount = 0, subscriberCount = 0

2022-11-09 22:01:32,547 INFO toNotifyTaskSize = 0

2022-11-09 22:01:32,547 INFO toClientNotifyTaskSize = 0

2022-11-09 22:01:32,562 INFO [long-pulling] client count 0

2022-11-09 22:01:42,552 INFO groupCount = 0, subscriberClientCount = 0, subscriberCount = 0

2022-11-09 22:01:42,552 INFO toNotifyTaskSize = 0

2022-11-09 22:01:42,552 INFO toClientNotifyTaskSize = 0

2022-11-09 22:01:42,567 INFO [long-pulling] client count 0

2022-11-09 22:01:52,556 INFO groupCount = 0, subscriberClientCount = 0, subscriberCount = 0

2022-11-09 22:01:52,556 INFO toNotifyTaskSize = 0

2022-11-09 22:01:52,556 INFO toClientNotifyTaskSize = 0

2022-11-09 22:01:52,572 INFO [long-pulling] client count 0

2022-11-09 22:02:02,566 INFO toNotifyTaskSize = 0

2022-11-09 22:02:02,566 INFO groupCount = 0, subscriberClientCount = 0, subscriberCount = 0

2022-11-09 22:02:02,566 INFO toClientNotifyTaskSize = 0

2022-11-09 22:02:02,582 INFO [long-pulling] client count 0

2022-11-09 22:02:12,577 INFO toNotifyTaskSize = 0

2022-11-09 22:02:12,577 INFO groupCount = 0, subscriberClientCount = 0, subscriberCount = 0

2022-11-09 22:02:12,577 INFO toClientNotifyTaskSize = 0

2022-11-09 22:02:12,592 INFO [long-pulling] client count 0

2022-11-09 22:02:22,586 INFO toNotifyTaskSize = 0

2022-11-09 22:02:22,586 INFO toClientNotifyTaskSize = 0

2022-11-09 22:02:22,586 INFO groupCount = 0, subscriberClientCount = 0, subscriberCount = 0

2022-11-09 22:02:22,601 INFO [long-pulling] client count 0

2022-11-09 22:02:32,589 INFO groupCount = 0, subscriberClientCount = 0, subscriberCount = 0

2022-11-09 22:02:32,589 INFO toNotifyTaskSize = 0

2022-11-09 22:02:32,589 INFO toClientNotifyTaskSize = 0

2022-11-09 22:02:32,605 INFO [long-pulling] client count 0

2022-11-09 22:02:42,603 INFO toNotifyTaskSize = 0

2022-11-09 22:02:42,603 INFO groupCount = 0, subscriberClientCount = 0, subscriberCount = 0

2022-11-09 22:02:42,603 INFO toClientNotifyTaskSize = 0

2022-11-09 22:02:42,618 INFO [long-pulling] client count 0

2022-11-09 22:02:52,606 INFO groupCount = 0, subscriberClientCount = 0, subscriberCount = 0

2022-11-09 22:02:52,606 INFO toNotifyTaskSize = 0

2022-11-09 22:02:52,606 INFO toClientNotifyTaskSize = 0

2022-11-09 22:02:52,621 INFO [long-pulling] client count 0

2022-11-09 22:03:02,611 INFO groupCount = 0, subscriberClientCount = 0, subscriberCount = 0

2022-11-09 22:03:02,611 INFO toNotifyTaskSize = 0

2022-11-09 22:03:02,611 INFO toClientNotifyTaskSize = 0

2022-11-09 22:03:02,626 INFO [long-pulling] client count 0

2022-11-09 22:03:12,617 INFO toNotifyTaskSize = 0

2022-11-09 22:03:12,617 INFO groupCount = 0, subscriberClientCount = 0, subscriberCount = 0

2022-11-09 22:03:12,617 INFO toClientNotifyTaskSize = 0

2022-11-09 22:03:12,633 INFO [long-pulling] client count 0

2022-11-09 22:03:22,624 INFO groupCount = 0, subscriberClientCount = 0, subscriberCount = 0

2022-11-09 22:03:22,624 INFO toNotifyTaskSize = 0

2022-11-09 22:03:22,624 INFO toClientNotifyTaskSize = 0

2022-11-09 22:03:22,639 INFO [long-pulling] client count 0

2022-11-09 22:03:32,633 INFO groupCount = 0, subscriberClientCount = 0, subscriberCount = 0

2022-11-09 22:03:32,633 INFO toNotifyTaskSize = 0

2022-11-09 22:03:32,633 INFO toClientNotifyTaskSize = 0

2022-11-09 22:03:32,648 INFO [long-pulling] client count 0

2022-11-09 22:03:42,634 INFO groupCount = 0, subscriberClientCount = 0, subscriberCount = 0

2022-11-09 22:03:42,634 INFO toNotifyTaskSize = 0

2022-11-09 22:03:42,634 INFO toClientNotifyTaskSize = 0

2022-11-09 22:03:42,650 INFO [long-pulling] client count 0

2022-11-09 22:03:52,634 INFO groupCount = 0, subscriberClientCount = 0, subscriberCount = 0

2022-11-09 22:03:52,634 INFO toNotifyTaskSize = 0

2022-11-09 22:03:52,634 INFO toClientNotifyTaskSize = 0

2022-11-09 22:03:52,650 INFO [long-pulling] client count 0

2022-11-09 22:04:02,647 INFO groupCount = 0, subscriberClientCount = 0, subscriberCount = 0

2022-11-09 22:04:02,647 INFO toNotifyTaskSize = 0

2022-11-09 22:04:02,647 INFO toClientNotifyTaskSize = 0

2022-11-09 22:04:02,663 INFO [long-pulling] client count 0

2022-11-09 22:04:12,658 INFO groupCount = 0, subscriberClientCount = 0, subscriberCount = 0

2022-11-09 22:04:12,658 INFO toNotifyTaskSize = 0

2022-11-09 22:04:12,658 INFO toClientNotifyTaskSize = 0

2022-11-09 22:04:12,673 INFO [long-pulling] client count 0

2022-11-09 22:04:22,663 INFO groupCount = 0, subscriberClientCount = 0, subscriberCount = 0

2022-11-09 22:04:22,663 INFO toNotifyTaskSize = 0

2022-11-09 22:04:22,663 INFO toClientNotifyTaskSize = 0

2022-11-09 22:04:22,679 INFO [long-pulling] client count 0

2022-11-09 22:04:32,664 INFO toNotifyTaskSize = 0

2022-11-09 22:04:32,664 INFO groupCount = 0, subscriberClientCount = 0, subscriberCount = 0

2022-11-09 22:04:32,664 INFO toClientNotifyTaskSize = 0

2022-11-09 22:04:32,680 INFO [long-pulling] client count 0

2022-11-09 22:04:42,665 INFO groupCount = 0, subscriberClientCount = 0, subscriberCount = 0

2022-11-09 22:04:42,665 INFO toNotifyTaskSize = 0

2022-11-09 22:04:42,665 INFO toClientNotifyTaskSize = 0

2022-11-09 22:04:42,680 INFO [long-pulling] client count 0

2022-11-09 22:04:52,679 INFO groupCount = 0, subscriberClientCount = 0, subscriberCount = 0

2022-11-09 22:04:52,679 INFO toNotifyTaskSize = 0

2022-11-09 22:04:52,679 INFO toClientNotifyTaskSize = 0

2022-11-09 22:04:52,694 INFO [long-pulling] client count 0

2022-11-09 22:05:02,687 INFO groupCount = 0, subscriberClientCount = 0, subscriberCount = 0

2022-11-09 22:05:02,687 INFO toNotifyTaskSize = 0

2022-11-09 22:05:02,687 INFO toClientNotifyTaskSize = 0

2022-11-09 22:05:02,702 INFO [long-pulling] client count 0

2022-11-09 22:05:12,696 INFO toNotifyTaskSize = 0

2022-11-09 22:05:12,696 INFO groupCount = 0, subscriberClientCount = 0, subscriberCount = 0

2022-11-09 22:05:12,696 INFO toClientNotifyTaskSize = 0

2022-11-09 22:05:12,712 INFO [long-pulling] client count 0

2022-11-09 22:05:22,705 INFO toNotifyTaskSize = 0

2022-11-09 22:05:22,705 INFO toClientNotifyTaskSize = 0

2022-11-09 22:05:22,705 INFO groupCount = 0, subscriberClientCount = 0, subscriberCount = 0

2022-11-09 22:05:22,721 INFO [long-pulling] client count 0

2022-11-09 22:05:32,707 INFO groupCount = 0, subscriberClientCount = 0, subscriberCount = 0

2022-11-09 22:05:32,707 INFO toNotifyTaskSize = 0

2022-11-09 22:05:32,707 INFO toClientNotifyTaskSize = 0

2022-11-09 22:05:32,723 INFO [long-pulling] client count 0

2022-11-09 22:05:42,709 INFO toNotifyTaskSize = 0

2022-11-09 22:05:42,709 INFO groupCount = 0, subscriberClientCount = 0, subscriberCount = 0

2022-11-09 22:05:42,709 INFO toClientNotifyTaskSize = 0

2022-11-09 22:05:42,724 INFO [long-pulling] client count 0

2022-11-09 22:05:52,715 INFO groupCount = 0, subscriberClientCount = 0, subscriberCount = 0

2022-11-09 22:05:52,715 INFO toNotifyTaskSize = 0

2022-11-09 22:05:52,715 INFO toClientNotifyTaskSize = 0

2022-11-09 22:05:52,730 INFO [long-pulling] client count 0

2022-11-09 22:06:02,727 INFO groupCount = 0, subscriberClientCount = 0, subscriberCount = 0

2022-11-09 22:06:02,727 INFO toNotifyTaskSize = 0

2022-11-09 22:06:02,727 INFO toClientNotifyTaskSize = 0

2022-11-09 22:06:02,743 INFO [long-pulling] client count 0

2022-11-09 22:06:12,736 INFO groupCount = 0, subscriberClientCount = 0, subscriberCount = 0

2022-11-09 22:06:12,736 INFO toNotifyTaskSize = 0

2022-11-09 22:06:12,736 INFO toClientNotifyTaskSize = 0

2022-11-09 22:06:12,751 INFO [long-pulling] client count 0

2022-11-09 22:06:22,739 INFO toNotifyTaskSize = 0

2022-11-09 22:06:22,739 INFO groupCount = 0, subscriberClientCount = 0, subscriberCount = 0

2022-11-09 22:06:22,739 INFO toClientNotifyTaskSize = 0

2022-11-09 22:06:22,754 INFO [long-pulling] client count 0

2022-11-09 22:06:32,755 INFO groupCount = 0, subscriberClientCount = 0, subscriberCount = 0

2022-11-09 22:06:32,755 INFO toNotifyTaskSize = 0

2022-11-09 22:06:32,755 INFO [long-pulling] client count 0

2022-11-09 22:06:32,755 INFO toClientNotifyTaskSize = 0

2022-11-09 22:06:42,765 INFO [long-pulling] client count 0

2022-11-09 22:06:42,765 INFO toNotifyTaskSize = 0

2022-11-09 22:06:42,765 INFO groupCount = 0, subscriberClientCount = 0, subscriberCount = 0

2022-11-09 22:06:42,765 INFO toClientNotifyTaskSize = 0

2022-11-09 22:06:52,768 INFO groupCount = 0, subscriberClientCount = 0, subscriberCount = 0

2022-11-09 22:06:52,768 INFO [long-pulling] client count 0

2022-11-09 22:06:52,768 INFO toNotifyTaskSize = 0

2022-11-09 22:06:52,768 INFO toClientNotifyTaskSize = 0

2022-11-09 22:07:02,775 INFO groupCount = 0, subscriberClientCount = 0, subscriberCount = 0

2022-11-09 22:07:02,775 INFO [long-pulling] client count 0

2022-11-09 22:07:02,775 INFO toNotifyTaskSize = 0

2022-11-09 22:07:02,775 INFO toClientNotifyTaskSize = 0

2022-11-09 22:07:12,779 INFO [long-pulling] client count 0

2022-11-09 22:07:12,779 INFO groupCount = 0, subscriberClientCount = 0, subscriberCount = 0

2022-11-09 22:07:12,779 INFO toNotifyTaskSize = 0

2022-11-09 22:07:12,779 INFO toClientNotifyTaskSize = 0

2022-11-09 22:07:22,793 INFO [long-pulling] client count 0

2022-11-09 22:07:22,793 INFO toNotifyTaskSize = 0

2022-11-09 22:07:22,793 INFO groupCount = 0, subscriberClientCount = 0, subscriberCount = 0

2022-11-09 22:07:22,793 INFO toClientNotifyTaskSize = 0

2022-11-09 22:07:32,803 INFO [long-pulling] client count 0

2022-11-09 22:07:32,803 INFO groupCount = 0, subscriberClientCount = 0, subscriberCount = 0

2022-11-09 22:07:32,803 INFO toNotifyTaskSize = 0

2022-11-09 22:07:32,803 INFO toClientNotifyTaskSize = 0

2022-11-09 22:07:42,811 INFO groupCount = 0, subscriberClientCount = 0, subscriberCount = 0

2022-11-09 22:07:42,811 INFO toNotifyTaskSize = 0

2022-11-09 22:07:42,811 INFO [long-pulling] client count 0

2022-11-09 22:07:42,811 INFO toClientNotifyTaskSize = 0

2022-11-09 22:07:52,813 INFO groupCount = 0, subscriberClientCount = 0, subscriberCount = 0

2022-11-09 22:07:52,813 INFO [long-pulling] client count 0

2022-11-09 22:07:52,813 INFO toNotifyTaskSize = 0

2022-11-09 22:07:52,813 INFO toClientNotifyTaskSize = 0

2022-11-09 22:08:02,824 INFO toNotifyTaskSize = 0

2022-11-09 22:08:02,824 INFO [long-pulling] client count 0

2022-11-09 22:08:02,824 INFO toClientNotifyTaskSize = 0

2022-11-09 22:08:02,824 INFO groupCount = 0, subscriberClientCount = 0, subscriberCount = 0

2022-11-09 22:08:12,825 INFO [long-pulling] client count 0

2022-11-09 22:08:12,825 INFO groupCount = 0, subscriberClientCount = 0, subscriberCount = 0

2022-11-09 22:08:12,825 INFO toNotifyTaskSize = 0

2022-11-09 22:08:12,825 INFO toClientNotifyTaskSize = 0

2022-11-09 22:08:22,829 INFO [long-pulling] client count 0

2022-11-09 22:08:22,829 INFO toNotifyTaskSize = 0

2022-11-09 22:08:22,829 INFO groupCount = 0, subscriberClientCount = 0, subscriberCount = 0

2022-11-09 22:08:22,829 INFO toClientNotifyTaskSize = 0

2022-11-09 22:08:32,840 INFO [long-pulling] client count 0

2022-11-09 22:08:32,840 INFO toNotifyTaskSize = 0

2022-11-09 22:08:32,840 INFO toClientNotifyTaskSize = 0

2022-11-09 22:08:32,840 INFO groupCount = 0, subscriberClientCount = 0, subscriberCount = 0

2022-11-09 22:08:42,850 INFO toNotifyTaskSize = 0

2022-11-09 22:08:42,850 INFO [long-pulling] client count 0

2022-11-09 22:08:42,850 INFO groupCount = 0, subscriberClientCount = 0, subscriberCount = 0

2022-11-09 22:08:42,850 INFO toClientNotifyTaskSize = 0

2022-11-09 22:08:52,863 INFO [long-pulling] client count 0

2022-11-09 22:08:52,863 INFO toNotifyTaskSize = 0

2022-11-09 22:08:52,863 INFO groupCount = 0, subscriberClientCount = 0, subscriberCount = 0

2022-11-09 22:08:52,863 INFO toClientNotifyTaskSize = 0

2022-11-09 22:09:02,878 INFO toNotifyTaskSize = 0

2022-11-09 22:09:02,878 INFO groupCount = 0, subscriberClientCount = 0, subscriberCount = 0

2022-11-09 22:09:02,878 INFO [long-pulling] client count 0

2022-11-09 22:09:02,878 INFO toClientNotifyTaskSize = 0

2022-11-09 22:09:12,892 INFO [long-pulling] client count 0

2022-11-09 22:09:12,892 INFO toNotifyTaskSize = 0

2022-11-09 22:09:12,892 INFO toClientNotifyTaskSize = 0

2022-11-09 22:09:12,892 INFO groupCount = 0, subscriberClientCount = 0, subscriberCount = 0

2022-11-09 22:09:22,894 INFO toNotifyTaskSize = 0

2022-11-09 22:09:22,894 INFO toClientNotifyTaskSize = 0

2022-11-09 22:09:22,894 INFO groupCount = 0, subscriberClientCount = 0, subscriberCount = 0

2022-11-09 22:09:22,894 INFO [long-pulling] client count 0

2022-11-09 22:09:32,907 INFO toNotifyTaskSize = 0

2022-11-09 22:09:32,907 INFO [long-pulling] client count 0

2022-11-09 22:09:32,907 INFO groupCount = 0, subscriberClientCount = 0, subscriberCount = 0

2022-11-09 22:09:32,907 INFO toClientNotifyTaskSize = 0

2022-11-09 22:09:42,921 INFO [long-pulling] client count 0

2022-11-09 22:09:42,921 INFO toNotifyTaskSize = 0

2022-11-09 22:09:42,921 INFO toClientNotifyTaskSize = 0

2022-11-09 22:09:42,921 INFO groupCount = 0, subscriberClientCount = 0, subscriberCount = 0

2022-11-09 22:09:52,929 INFO [long-pulling] client count 0

2022-11-09 22:09:52,929 INFO groupCount = 0, subscriberClientCount = 0, subscriberCount = 0

2022-11-09 22:09:52,929 INFO toNotifyTaskSize = 0

2022-11-09 22:09:52,929 INFO toClientNotifyTaskSize = 0

2022-11-09 22:10:02,932 INFO toNotifyTaskSize = 0

2022-11-09 22:10:02,932 INFO toClientNotifyTaskSize = 0

2022-11-09 22:10:02,932 INFO [long-pulling] client count 0

2022-11-09 22:10:02,932 INFO groupCount = 0, subscriberClientCount = 0, subscriberCount = 0

2022-11-09 22:10:12,941 INFO toNotifyTaskSize = 0

2022-11-09 22:10:12,941 INFO groupCount = 0, subscriberClientCount = 0, subscriberCount = 0

2022-11-09 22:10:12,941 INFO [long-pulling] client count 0

2022-11-09 22:10:12,941 INFO toClientNotifyTaskSize = 0

2022-11-09 22:10:22,953 INFO [long-pulling] client count 0

2022-11-09 22:10:22,953 INFO toNotifyTaskSize = 0

2022-11-09 22:10:22,953 INFO toClientNotifyTaskSize = 0

2022-11-09 22:10:22,953 INFO groupCount = 0, subscriberClientCount = 0, subscriberCount = 0

2022-11-09 22:10:32,967 INFO [long-pulling] client count 0

2022-11-09 22:10:32,967 INFO toNotifyTaskSize = 0

2022-11-09 22:10:32,967 INFO groupCount = 0, subscriberClientCount = 0, subscriberCount = 0

2022-11-09 22:10:32,967 INFO toClientNotifyTaskSize = 0

2022-11-09 22:10:42,982 INFO [long-pulling] client count 0

2022-11-09 22:10:42,982 INFO toNotifyTaskSize = 0

2022-11-09 22:10:42,982 INFO toClientNotifyTaskSize = 0

2022-11-09 22:10:42,982 INFO groupCount = 0, subscriberClientCount = 0, subscriberCount = 0

2022-11-09 22:10:52,998 INFO [long-pulling] client count 0

2022-11-09 22:10:52,998 INFO toNotifyTaskSize = 0

2022-11-09 22:10:52,998 INFO toClientNotifyTaskSize = 0

2022-11-09 22:10:52,998 INFO groupCount = 0, subscriberClientCount = 0, subscriberCount = 0

2022-11-09 22:11:03,010 INFO toNotifyTaskSize = 0

2022-11-09 22:11:03,010 INFO groupCount = 0, subscriberClientCount = 0, subscriberCount = 0

2022-11-09 22:11:03,010 INFO [long-pulling] client count 0

2022-11-09 22:11:03,010 INFO toClientNotifyTaskSize = 0

2022-11-09 22:11:13,015 INFO toNotifyTaskSize = 0

2022-11-09 22:11:13,015 INFO [long-pulling] client count 0

2022-11-09 22:11:13,015 INFO groupCount = 0, subscriberClientCount = 0, subscriberCount = 0

2022-11-09 22:11:13,015 INFO toClientNotifyTaskSize = 0

2022-11-09 22:11:23,023 INFO [long-pulling] client count 0

2022-11-09 22:11:23,023 INFO toNotifyTaskSize = 0

2022-11-09 22:11:23,023 INFO toClientNotifyTaskSize = 0

2022-11-09 22:11:23,023 INFO groupCount = 0, subscriberClientCount = 0, subscriberCount = 0

2022-11-09 22:11:33,025 INFO [long-pulling] client count 0

2022-11-09 22:11:33,025 INFO groupCount = 0, subscriberClientCount = 0, subscriberCount = 0

2022-11-09 22:11:33,025 INFO toNotifyTaskSize = 0

2022-11-09 22:11:33,025 INFO toClientNotifyTaskSize = 0

2022-11-09 22:11:43,038 INFO [long-pulling] client count 0

2022-11-09 22:11:43,038 INFO toNotifyTaskSize = 0

2022-11-09 22:11:43,038 INFO groupCount = 0, subscriberClientCount = 0, subscriberCount = 0

2022-11-09 22:11:43,038 INFO toClientNotifyTaskSize = 0

2022-11-09 22:11:53,050 INFO [long-pulling] client count 0

2022-11-09 22:11:53,050 INFO groupCount = 0, subscriberClientCount = 0, subscriberCount = 0

2022-11-09 22:11:53,050 INFO toNotifyTaskSize = 0

2022-11-09 22:11:53,050 INFO toClientNotifyTaskSize = 0

2022-11-09 22:12:03,061 INFO [long-pulling] client count 0

2022-11-09 22:12:03,061 INFO groupCount = 0, subscriberClientCount = 0, subscriberCount = 0

2022-11-09 22:12:03,061 INFO toNotifyTaskSize = 0

2022-11-09 22:12:03,061 INFO toClientNotifyTaskSize = 0

2022-11-09 22:12:13,061 INFO [long-pulling] client count 0

2022-11-09 22:12:13,061 INFO groupCount = 0, subscriberClientCount = 0, subscriberCount = 0

2022-11-09 22:12:13,061 INFO toNotifyTaskSize = 0

2022-11-09 22:12:13,061 INFO toClientNotifyTaskSize = 0

2022-11-09 22:12:23,064 INFO [long-pulling] client count 0

2022-11-09 22:12:23,064 INFO toNotifyTaskSize = 0

2022-11-09 22:12:23,064 INFO toClientNotifyTaskSize = 0

2022-11-09 22:12:23,064 INFO groupCount = 0, subscriberClientCount = 0, subscriberCount = 0

2022-11-09 22:12:33,067 INFO toNotifyTaskSize = 0

2022-11-09 22:12:33,067 INFO groupCount = 0, subscriberClientCount = 0, subscriberCount = 0

2022-11-09 22:12:33,067 INFO [long-pulling] client count 0

2022-11-09 22:12:33,067 INFO toClientNotifyTaskSize = 0

2022-11-09 22:12:43,072 INFO [long-pulling] client count 0

2022-11-09 22:12:43,072 INFO groupCount = 0, subscriberClientCount = 0, subscriberCount = 0

2022-11-09 22:12:43,072 INFO toNotifyTaskSize = 0

2022-11-09 22:12:43,072 INFO toClientNotifyTaskSize = 0

2022-11-09 22:12:53,078 INFO toNotifyTaskSize = 0

2022-11-09 22:12:53,078 INFO [long-pulling] client count 0

2022-11-09 22:12:53,078 INFO toClientNotifyTaskSize = 0

2022-11-09 22:12:53,078 INFO groupCount = 0, subscriberClientCount = 0, subscriberCount = 0

2022-11-09 22:13:03,085 INFO [long-pulling] client count 0

2022-11-09 22:13:03,085 INFO groupCount = 0, subscriberClientCount = 0, subscriberCount = 0

2022-11-09 22:13:03,085 INFO toNotifyTaskSize = 0

2022-11-09 22:13:03,085 INFO toClientNotifyTaskSize = 0

2022-11-09 22:13:13,095 INFO [long-pulling] client count 0

2022-11-09 22:13:13,095 INFO groupCount = 0, subscriberClientCount = 0, subscriberCount = 0

2022-11-09 22:13:13,095 INFO toNotifyTaskSize = 0

2022-11-09 22:13:13,095 INFO toClientNotifyTaskSize = 0

2022-11-09 22:13:23,108 INFO [long-pulling] client count 0

2022-11-09 22:13:23,108 INFO groupCount = 0, subscriberClientCount = 0, subscriberCount = 0

2022-11-09 22:13:23,108 INFO toNotifyTaskSize = 0

2022-11-09 22:13:23,108 INFO toClientNotifyTaskSize = 0

2022-11-09 22:13:33,110 INFO toNotifyTaskSize = 0

2022-11-09 22:13:33,110 INFO groupCount = 0, subscriberClientCount = 0, subscriberCount = 0

2022-11-09 22:13:33,110 INFO [long-pulling] client count 0

2022-11-09 22:13:33,110 INFO toClientNotifyTaskSize = 0

2022-11-09 22:13:43,122 INFO [long-pulling] client count 0

2022-11-09 22:13:43,122 INFO groupCount = 0, subscriberClientCount = 0, subscriberCount = 0

2022-11-09 22:13:43,122 INFO toNotifyTaskSize = 0

2022-11-09 22:13:43,122 INFO toClientNotifyTaskSize = 0

2022-11-09 22:13:53,123 INFO groupCount = 0, subscriberClientCount = 0, subscriberCount = 0

2022-11-09 22:13:53,123 INFO [long-pulling] client count 0

2022-11-09 22:13:53,123 INFO toNotifyTaskSize = 0

2022-11-09 22:13:53,123 INFO toClientNotifyTaskSize = 0

2022-11-09 22:14:03,138 INFO toNotifyTaskSize = 0

2022-11-09 22:14:03,138 INFO toClientNotifyTaskSize = 0

2022-11-09 22:14:03,138 INFO groupCount = 0, subscriberClientCount = 0, subscriberCount = 0

2022-11-09 22:14:03,138 INFO [long-pulling] client count 0

2022-11-09 22:14:13,148 INFO toNotifyTaskSize = 0

2022-11-09 22:14:13,148 INFO groupCount = 0, subscriberClientCount = 0, subscriberCount = 0

2022-11-09 22:14:13,148 INFO toClientNotifyTaskSize = 0

2022-11-09 22:14:13,148 INFO [long-pulling] client count 0

2022-11-09 22:14:23,157 INFO groupCount = 0, subscriberClientCount = 0, subscriberCount = 0

2022-11-09 22:14:23,157 INFO [long-pulling] client count 0

2022-11-09 22:14:23,157 INFO toNotifyTaskSize = 0

2022-11-09 22:14:23,157 INFO toClientNotifyTaskSize = 0

2022-11-09 22:14:33,170 INFO groupCount = 0, subscriberClientCount = 0, subscriberCount = 0

2022-11-09 22:14:33,170 INFO [long-pulling] client count 0

2022-11-09 22:14:33,170 INFO toNotifyTaskSize = 0

2022-11-09 22:14:33,170 INFO toClientNotifyTaskSize = 0

2022-11-09 22:14:43,185 INFO [long-pulling] client count 0

2022-11-09 22:14:43,185 INFO groupCount = 0, subscriberClientCount = 0, subscriberCount = 0

2022-11-09 22:14:43,185 INFO toNotifyTaskSize = 0

2022-11-09 22:14:43,185 INFO toClientNotifyTaskSize = 0

2022-11-09 22:14:53,195 INFO [long-pulling] client count 0

2022-11-09 22:14:53,195 INFO groupCount = 0, subscriberClientCount = 0, subscriberCount = 0

2022-11-09 22:14:53,195 INFO toNotifyTaskSize = 0

2022-11-09 22:14:53,195 INFO toClientNotifyTaskSize = 0

2022-11-09 22:15:03,203 INFO [long-pulling] client count 0

2022-11-09 22:15:03,203 INFO toNotifyTaskSize = 0

2022-11-09 22:15:03,203 INFO toClientNotifyTaskSize = 0

2022-11-09 22:15:03,203 INFO groupCount = 0, subscriberClientCount = 0, subscriberCount = 0

2022-11-09 22:15:13,217 INFO groupCount = 0, subscriberClientCount = 0, subscriberCount = 0

2022-11-09 22:15:13,217 INFO toNotifyTaskSize = 0

2022-11-09 22:15:13,217 INFO toClientNotifyTaskSize = 0

2022-11-09 22:15:13,217 INFO [long-pulling] client count 0

2022-11-09 22:15:23,231 INFO [long-pulling] client count 0

2022-11-09 22:15:23,231 INFO toNotifyTaskSize = 0

2022-11-09 22:15:23,231 INFO groupCount = 0, subscriberClientCount = 0, subscriberCount = 0

2022-11-09 22:15:23,231 INFO toClientNotifyTaskSize = 0

2022-11-09 22:15:33,241 INFO [long-pulling] client count 0

2022-11-09 22:15:33,241 INFO toNotifyTaskSize = 0

2022-11-09 22:15:33,241 INFO groupCount = 0, subscriberClientCount = 0, subscriberCount = 0

2022-11-09 22:15:33,241 INFO toClientNotifyTaskSize = 0

2022-11-09 22:15:43,248 INFO [long-pulling] client count 0

2022-11-09 22:15:43,248 INFO toNotifyTaskSize = 0

2022-11-09 22:15:43,248 INFO groupCount = 0, subscriberClientCount = 0, subscriberCount = 0

2022-11-09 22:15:43,248 INFO toClientNotifyTaskSize = 0

2022-11-09 22:15:53,250 INFO [long-pulling] client count 0

2022-11-09 22:15:53,250 INFO toNotifyTaskSize = 0

2022-11-09 22:15:53,250 INFO toClientNotifyTaskSize = 0

2022-11-09 22:15:53,250 INFO groupCount = 0, subscriberClientCount = 0, subscriberCount = 0

2022-11-09 22:16:03,251 INFO [long-pulling] client count 0

2022-11-09 22:16:03,251 INFO groupCount = 0, subscriberClientCount = 0, subscriberCount = 0

2022-11-09 22:16:03,251 INFO toNotifyTaskSize = 0

2022-11-09 22:16:03,251 INFO toClientNotifyTaskSize = 0

2022-11-09 22:16:13,260 INFO toNotifyTaskSize = 0

2022-11-09 22:16:13,260 INFO groupCount = 0, subscriberClientCount = 0, subscriberCount = 0

2022-11-09 22:16:13,260 INFO toClientNotifyTaskSize = 0

2022-11-09 22:16:13,260 INFO [long-pulling] client count 0

2022-11-09 22:16:23,262 INFO [long-pulling] client count 0

2022-11-09 22:16:23,262 INFO toNotifyTaskSize = 0

2022-11-09 22:16:23,262 INFO toClientNotifyTaskSize = 0

2022-11-09 22:16:23,262 INFO groupCount = 0, subscriberClientCount = 0, subscriberCount = 0

2022-11-09 22:16:33,263 INFO [long-pulling] client count 0

2022-11-09 22:16:33,263 INFO toNotifyTaskSize = 0

2022-11-09 22:16:33,263 INFO toClientNotifyTaskSize = 0

2022-11-09 22:16:33,263 INFO groupCount = 0, subscriberClientCount = 0, subscriberCount = 0

2022-11-09 22:16:43,269 INFO toNotifyTaskSize = 0

2022-11-09 22:16:43,269 INFO [long-pulling] client count 0

2022-11-09 22:16:43,269 INFO toClientNotifyTaskSize = 0

2022-11-09 22:16:43,269 INFO groupCount = 0, subscriberClientCount = 0, subscriberCount = 0

2022-11-09 22:16:53,280 INFO [long-pulling] client count 0

2022-11-09 22:16:53,280 INFO toNotifyTaskSize = 0

2022-11-09 22:16:53,280 INFO toClientNotifyTaskSize = 0

2022-11-09 22:16:53,280 INFO groupCount = 0, subscriberClientCount = 0, subscriberCount = 0

2022-11-09 22:17:03,293 INFO toNotifyTaskSize = 0

2022-11-09 22:17:03,293 INFO groupCount = 0, subscriberClientCount = 0, subscriberCount = 0

2022-11-09 22:17:03,293 INFO [long-pulling] client count 0

2022-11-09 22:17:03,293 INFO toClientNotifyTaskSize = 0

2022-11-09 22:17:13,303 INFO toNotifyTaskSize = 0

2022-11-09 22:17:13,303 INFO groupCount = 0, subscriberClientCount = 0, subscriberCount = 0

2022-11-09 22:17:13,303 INFO [long-pulling] client count 0

2022-11-09 22:17:13,303 INFO toClientNotifyTaskSize = 0

2022-11-09 22:17:23,310 INFO [long-pulling] client count 0

2022-11-09 22:17:23,310 INFO groupCount = 0, subscriberClientCount = 0, subscriberCount = 0

2022-11-09 22:17:23,310 INFO toNotifyTaskSize = 0

2022-11-09 22:17:23,310 INFO toClientNotifyTaskSize = 0

2022-11-09 22:17:33,324 INFO [long-pulling] client count 0

2022-11-09 22:17:33,324 INFO toNotifyTaskSize = 0

2022-11-09 22:17:33,324 INFO groupCount = 0, subscriberClientCount = 0, subscriberCount = 0

2022-11-09 22:17:33,324 INFO toClientNotifyTaskSize = 0

2022-11-09 22:17:43,335 INFO [long-pulling] client count 0

2022-11-09 22:17:43,335 INFO groupCount = 0, subscriberClientCount = 0, subscriberCount = 0

2022-11-09 22:17:43,335 INFO toNotifyTaskSize = 0

2022-11-09 22:17:43,335 INFO toClientNotifyTaskSize = 0

2022-11-09 22:17:53,343 INFO toNotifyTaskSize = 0

2022-11-09 22:17:53,343 INFO groupCount = 0, subscriberClientCount = 0, subscriberCount = 0

2022-11-09 22:17:53,343 INFO [long-pulling] client count 0

2022-11-09 22:17:53,343 INFO toClientNotifyTaskSize = 0

2022-11-09 22:18:03,354 INFO [long-pulling] client count 0

2022-11-09 22:18:03,354 INFO groupCount = 0, subscriberClientCount = 0, subscriberCount = 0

2022-11-09 22:18:03,354 INFO toNotifyTaskSize = 0

2022-11-09 22:18:03,354 INFO toClientNotifyTaskSize = 0

2022-11-09 22:18:13,356 INFO [long-pulling] client count 0

2022-11-09 22:18:13,356 INFO groupCount = 0, subscriberClientCount = 0, subscriberCount = 0

2022-11-09 22:18:13,356 INFO toNotifyTaskSize = 0

2022-11-09 22:18:13,356 INFO toClientNotifyTaskSize = 0

2022-11-09 22:18:23,371 INFO [long-pulling] client count 0

2022-11-09 22:18:23,371 INFO toNotifyTaskSize = 0

2022-11-09 22:18:23,371 INFO groupCount = 0, subscriberClientCount = 0, subscriberCount = 0

2022-11-09 22:18:23,371 INFO toClientNotifyTaskSize = 0

2022-11-09 22:18:33,375 INFO [long-pulling] client count 0

2022-11-09 22:18:33,375 INFO toNotifyTaskSize = 0

2022-11-09 22:18:33,375 INFO toClientNotifyTaskSize = 0

2022-11-09 22:18:33,375 INFO groupCount = 0, subscriberClientCount = 0, subscriberCount = 0

2022-11-09 22:18:43,385 INFO [long-pulling] client count 0

2022-11-09 22:18:43,385 INFO groupCount = 0, subscriberClientCount = 0, subscriberCount = 0

2022-11-09 22:18:43,385 INFO toNotifyTaskSize = 0

2022-11-09 22:18:43,385 INFO toClientNotifyTaskSize = 0

2022-11-09 22:18:53,392 INFO [long-pulling] client count 0

2022-11-09 22:18:53,392 INFO toNotifyTaskSize = 0

2022-11-09 22:18:53,392 INFO groupCount = 0, subscriberClientCount = 0, subscriberCount = 0

2022-11-09 22:18:53,392 INFO toClientNotifyTaskSize = 0

2022-11-09 22:19:03,407 INFO [long-pulling] client count 0

2022-11-09 22:19:03,407 INFO groupCount = 0, subscriberClientCount = 0, subscriberCount = 0

2022-11-09 22:19:03,407 INFO toNotifyTaskSize = 0

2022-11-09 22:19:03,407 INFO toClientNotifyTaskSize = 0

2022-11-09 22:19:13,420 INFO [long-pulling] client count 0

2022-11-09 22:19:13,420 INFO groupCount = 0, subscriberClientCount = 0, subscriberCount = 0

2022-11-09 22:19:13,420 INFO toNotifyTaskSize = 0

2022-11-09 22:19:13,420 INFO toClientNotifyTaskSize = 0

2022-11-09 22:19:23,422 INFO [long-pulling] client count 0

2022-11-09 22:19:23,422 INFO toNotifyTaskSize = 0

2022-11-09 22:19:23,422 INFO groupCount = 0, subscriberClientCount = 0, subscriberCount = 0

2022-11-09 22:19:23,422 INFO toClientNotifyTaskSize = 0

2022-11-09 22:19:33,422 INFO [long-pulling] client count 0

2022-11-09 22:19:33,438 INFO toNotifyTaskSize = 0

2022-11-09 22:19:33,438 INFO toClientNotifyTaskSize = 0

2022-11-09 22:19:33,438 INFO groupCount = 0, subscriberClientCount = 0, subscriberCount = 0

2022-11-09 22:19:43,428 INFO [long-pulling] client count 0

2022-11-09 22:19:43,444 INFO toNotifyTaskSize = 0

2022-11-09 22:19:43,444 INFO toClientNotifyTaskSize = 0

2022-11-09 22:19:43,444 INFO groupCount = 0, subscriberClientCount = 0, subscriberCount = 0

2022-11-09 22:19:53,435 INFO [long-pulling] client count 0

2022-11-09 22:19:53,451 INFO toNotifyTaskSize = 0

2022-11-09 22:19:53,451 INFO toClientNotifyTaskSize = 0

2022-11-09 22:19:53,451 INFO groupCount = 0, subscriberClientCount = 0, subscriberCount = 0

2022-11-09 22:20:03,437 INFO [long-pulling] client count 0

2022-11-09 22:20:03,453 INFO toNotifyTaskSize = 0

2022-11-09 22:20:03,453 INFO toClientNotifyTaskSize = 0

2022-11-09 22:20:03,453 INFO groupCount = 0, subscriberClientCount = 0, subscriberCount = 0

2022-11-09 22:20:13,449 INFO [long-pulling] client count 0

2022-11-09 22:20:13,465 INFO groupCount = 0, subscriberClientCount = 0, subscriberCount = 0

2022-11-09 22:20:13,465 INFO toNotifyTaskSize = 0

2022-11-09 22:20:13,465 INFO toClientNotifyTaskSize = 0

2022-11-09 22:20:23,454 INFO [long-pulling] client count 0

2022-11-09 22:20:23,470 INFO toNotifyTaskSize = 0

2022-11-09 22:20:23,470 INFO groupCount = 0, subscriberClientCount = 0, subscriberCount = 0

2022-11-09 22:20:23,470 INFO toClientNotifyTaskSize = 0

2022-11-09 22:20:33,467 INFO [long-pulling] client count 0

2022-11-09 22:20:33,483 INFO toNotifyTaskSize = 0

2022-11-09 22:20:33,483 INFO toClientNotifyTaskSize = 0

2022-11-09 22:20:33,483 INFO groupCount = 0, subscriberClientCount = 0, subscriberCount = 0

2022-11-09 22:20:43,474 INFO [long-pulling] client count 0

2022-11-09 22:20:43,490 INFO toNotifyTaskSize = 0

2022-11-09 22:20:43,490 INFO toClientNotifyTaskSize = 0

2022-11-09 22:20:43,490 INFO groupCount = 0, subscriberClientCount = 0, subscriberCount = 0

2022-11-09 22:20:53,489 INFO [long-pulling] client count 0

2022-11-09 22:20:53,504 INFO groupCount = 0, subscriberClientCount = 0, subscriberCount = 0

2022-11-09 22:20:53,504 INFO toNotifyTaskSize = 0

2022-11-09 22:20:53,504 INFO toClientNotifyTaskSize = 0

2022-11-09 22:21:03,498 INFO [long-pulling] client count 0

2022-11-09 22:21:03,514 INFO groupCount = 0, subscriberClientCount = 0, subscriberCount = 0

2022-11-09 22:21:03,514 INFO toNotifyTaskSize = 0

2022-11-09 22:21:03,514 INFO toClientNotifyTaskSize = 0

2022-11-09 22:21:13,498 INFO [long-pulling] client count 0

2022-11-09 22:21:13,514 INFO toNotifyTaskSize = 0

2022-11-09 22:21:13,514 INFO toClientNotifyTaskSize = 0

2022-11-09 22:21:13,514 INFO groupCount = 0, subscriberClientCount = 0, subscriberCount = 0

2022-11-09 22:21:23,509 INFO [long-pulling] client count 0

2022-11-09 22:21:23,524 INFO toNotifyTaskSize = 0

2022-11-09 22:21:23,524 INFO toClientNotifyTaskSize = 0

2022-11-09 22:21:23,524 INFO groupCount = 0, subscriberClientCount = 0, subscriberCount = 0

2022-11-09 22:21:33,515 INFO [long-pulling] client count 0

2022-11-09 22:21:33,530 INFO toNotifyTaskSize = 0

2022-11-09 22:21:33,530 INFO toClientNotifyTaskSize = 0

2022-11-09 22:21:33,530 INFO groupCount = 0, subscriberClientCount = 0, subscriberCount = 0

2022-11-09 22:21:43,525 INFO [long-pulling] client count 0

2022-11-09 22:21:43,540 INFO toNotifyTaskSize = 0

2022-11-09 22:21:43,540 INFO toClientNotifyTaskSize = 0

2022-11-09 22:21:43,540 INFO groupCount = 0, subscriberClientCount = 0, subscriberCount = 0

2022-11-09 22:21:53,532 INFO [long-pulling] client count 0

2022-11-09 22:21:53,548 INFO toNotifyTaskSize = 0

2022-11-09 22:21:53,548 INFO toClientNotifyTaskSize = 0

2022-11-09 22:21:53,548 INFO groupCount = 0, subscriberClientCount = 0, subscriberCount = 0

2022-11-09 22:22:03,543 INFO [long-pulling] client count 0

2022-11-09 22:22:03,558 INFO toNotifyTaskSize = 0

2022-11-09 22:22:03,558 INFO toClientNotifyTaskSize = 0

2022-11-09 22:22:03,558 INFO groupCount = 0, subscriberClientCount = 0, subscriberCount = 0

2022-11-09 22:22:13,548 INFO [long-pulling] client count 0

2022-11-09 22:22:13,563 INFO toNotifyTaskSize = 0

2022-11-09 22:22:13,563 INFO groupCount = 0, subscriberClientCount = 0, subscriberCount = 0

2022-11-09 22:22:13,563 INFO toClientNotifyTaskSize = 0

2022-11-09 22:22:23,557 INFO [long-pulling] client count 0

2022-11-09 22:22:23,573 INFO toNotifyTaskSize = 0

2022-11-09 22:22:23,573 INFO toClientNotifyTaskSize = 0

2022-11-09 22:22:23,573 INFO groupCount = 0, subscriberClientCount = 0, subscriberCount = 0

2022-11-09 22:22:33,561 INFO [long-pulling] client count 0

2022-11-09 22:22:33,577 INFO toNotifyTaskSize = 0

2022-11-09 22:22:33,577 INFO toClientNotifyTaskSize = 0

2022-11-09 22:22:33,577 INFO groupCount = 0, subscriberClientCount = 0, subscriberCount = 0

2022-11-09 22:22:43,573 INFO [long-pulling] client count 0

2022-11-09 22:22:43,588 INFO toNotifyTaskSize = 0

2022-11-09 22:22:43,588 INFO toClientNotifyTaskSize = 0

2022-11-09 22:22:43,588 INFO groupCount = 0, subscriberClientCount = 0, subscriberCount = 0

2022-11-09 22:22:53,574 INFO [long-pulling] client count 0

2022-11-09 22:22:53,589 INFO toNotifyTaskSize = 0

2022-11-09 22:22:53,589 INFO toClientNotifyTaskSize = 0

2022-11-09 22:22:53,589 INFO groupCount = 0, subscriberClientCount = 0, subscriberCount = 0

2022-11-09 22:23:03,577 INFO [long-pulling] client count 0

2022-11-09 22:23:03,592 INFO toNotifyTaskSize = 0

2022-11-09 22:23:03,592 INFO groupCount = 0, subscriberClientCount = 0, subscriberCount = 0

2022-11-09 22:23:03,592 INFO toClientNotifyTaskSize = 0

2022-11-09 22:23:13,579 INFO [long-pulling] client count 0

2022-11-09 22:23:13,595 INFO groupCount = 0, subscriberClientCount = 0, subscriberCount = 0

2022-11-09 22:23:13,595 INFO toNotifyTaskSize = 0

2022-11-09 22:23:13,595 INFO toClientNotifyTaskSize = 0

2022-11-09 22:23:23,582 INFO [long-pulling] client count 0

2022-11-09 22:23:23,598 INFO groupCount = 0, subscriberClientCount = 0, subscriberCount = 0

2022-11-09 22:23:23,598 INFO toNotifyTaskSize = 0

2022-11-09 22:23:23,598 INFO toClientNotifyTaskSize = 0

2022-11-09 22:23:33,587 INFO [long-pulling] client count 0

2022-11-09 22:23:33,603 INFO groupCount = 0, subscriberClientCount = 0, subscriberCount = 0

2022-11-09 22:23:33,603 INFO toNotifyTaskSize = 0

2022-11-09 22:23:33,603 INFO toClientNotifyTaskSize = 0

2022-11-09 22:23:43,588 INFO [long-pulling] client count 0

2022-11-09 22:23:43,619 INFO groupCount = 0, subscriberClientCount = 0, subscriberCount = 0

2022-11-09 22:23:43,619 INFO toNotifyTaskSize = 0

2022-11-09 22:23:43,619 INFO toClientNotifyTaskSize = 0

2022-11-09 22:23:53,590 INFO [long-pulling] client count 0

2022-11-09 22:23:53,621 INFO toNotifyTaskSize = 0

2022-11-09 22:23:53,621 INFO toClientNotifyTaskSize = 0

2022-11-09 22:23:53,621 INFO groupCount = 0, subscriberClientCount = 0, subscriberCount = 0

2022-11-09 22:24:03,594 INFO [long-pulling] client count 0

2022-11-09 22:24:03,625 INFO toNotifyTaskSize = 0

2022-11-09 22:24:03,625 INFO toClientNotifyTaskSize = 0

2022-11-09 22:24:03,625 INFO groupCount = 0, subscriberClientCount = 0, subscriberCount = 0

2022-11-09 22:24:13,598 INFO [long-pulling] client count 0

2022-11-09 22:24:13,629 INFO toNotifyTaskSize = 0

2022-11-09 22:24:13,629 INFO toClientNotifyTaskSize = 0

2022-11-09 22:24:13,629 INFO groupCount = 0, subscriberClientCount = 0, subscriberCount = 0

2022-11-09 22:24:23,607 INFO [long-pulling] client count 0

2022-11-09 22:24:23,638 INFO toNotifyTaskSize = 0

2022-11-09 22:24:23,638 INFO toClientNotifyTaskSize = 0

2022-11-09 22:24:23,638 INFO groupCount = 0, subscriberClientCount = 0, subscriberCount = 0

2022-11-09 22:24:33,618 INFO [long-pulling] client count 0

2022-11-09 22:24:33,649 INFO toNotifyTaskSize = 0

2022-11-09 22:24:33,649 INFO toClientNotifyTaskSize = 0

2022-11-09 22:24:33,649 INFO groupCount = 0, subscriberClientCount = 0, subscriberCount = 0

2022-11-09 22:24:43,627 INFO [long-pulling] client count 0

2022-11-09 22:24:43,658 INFO toNotifyTaskSize = 0

2022-11-09 22:24:43,658 INFO toClientNotifyTaskSize = 0

2022-11-09 22:24:43,658 INFO groupCount = 0, subscriberClientCount = 0, subscriberCount = 0

2022-11-09 22:24:53,630 INFO [long-pulling] client count 0

2022-11-09 22:24:53,661 INFO toNotifyTaskSize = 0

2022-11-09 22:24:53,661 INFO groupCount = 0, subscriberClientCount = 0, subscriberCount = 0

2022-11-09 22:24:53,661 INFO toClientNotifyTaskSize = 0

2022-11-09 22:25:03,631 INFO [long-pulling] client count 0

2022-11-09 22:25:03,662 INFO groupCount = 0, subscriberClientCount = 0, subscriberCount = 0

2022-11-09 22:25:03,662 INFO toNotifyTaskSize = 0

2022-11-09 22:25:03,662 INFO toClientNotifyTaskSize = 0

2022-11-09 22:25:13,634 INFO [long-pulling] client count 0

2022-11-09 22:25:13,665 INFO toNotifyTaskSize = 0

2022-11-09 22:25:13,665 INFO groupCount = 0, subscriberClientCount = 0, subscriberCount = 0

2022-11-09 22:25:13,665 INFO toClientNotifyTaskSize = 0

2022-11-09 22:25:23,646 INFO [long-pulling] client count 0

2022-11-09 22:25:23,677 INFO groupCount = 0, subscriberClientCount = 0, subscriberCount = 0

2022-11-09 22:25:23,677 INFO toNotifyTaskSize = 0

2022-11-09 22:25:23,677 INFO toClientNotifyTaskSize = 0

2022-11-09 22:25:33,655 INFO [long-pulling] client count 0

2022-11-09 22:25:33,686 INFO groupCount = 0, subscriberClientCount = 0, subscriberCount = 0

2022-11-09 22:25:33,686 INFO toNotifyTaskSize = 0

2022-11-09 22:25:33,686 INFO toClientNotifyTaskSize = 0

2022-11-09 22:25:43,662 INFO [long-pulling] client count 0

2022-11-09 22:25:43,693 INFO toNotifyTaskSize = 0

2022-11-09 22:25:43,693 INFO toClientNotifyTaskSize = 0

2022-11-09 22:25:43,693 INFO groupCount = 0, subscriberClientCount = 0, subscriberCount = 0

2022-11-09 22:25:53,668 INFO [long-pulling] client count 0

2022-11-09 22:25:53,699 INFO toNotifyTaskSize = 0

2022-11-09 22:25:53,699 INFO toClientNotifyTaskSize = 0

2022-11-09 22:25:53,699 INFO groupCount = 0, subscriberClientCount = 0, subscriberCount = 0

2022-11-09 22:26:03,670 INFO [long-pulling] client count 0

2022-11-09 22:26:03,702 INFO toNotifyTaskSize = 0

2022-11-09 22:26:03,702 INFO toClientNotifyTaskSize = 0

2022-11-09 22:26:03,702 INFO groupCount = 0, subscriberClientCount = 0, subscriberCount = 0

2022-11-09 22:26:13,685 INFO [long-pulling] client count 0

2022-11-09 22:26:13,716 INFO toNotifyTaskSize = 0

2022-11-09 22:26:13,716 INFO groupCount = 0, subscriberClientCount = 0, subscriberCount = 0

2022-11-09 22:26:13,716 INFO toClientNotifyTaskSize = 0

2022-11-09 22:26:23,694 INFO [long-pulling] client count 0

2022-11-09 22:26:23,725 INFO toNotifyTaskSize = 0

2022-11-09 22:26:23,725 INFO toClientNotifyTaskSize = 0

2022-11-09 22:26:23,725 INFO groupCount = 0, subscriberClientCount = 0, subscriberCount = 0

2022-11-09 22:26:33,700 INFO [long-pulling] client count 0

2022-11-09 22:26:33,731 INFO toNotifyTaskSize = 0

2022-11-09 22:26:33,731 INFO toClientNotifyTaskSize = 0

2022-11-09 22:26:33,731 INFO groupCount = 0, subscriberClientCount = 0, subscriberCount = 0

2022-11-09 22:26:43,709 INFO [long-pulling] client count 0

2022-11-09 22:26:43,740 INFO toNotifyTaskSize = 0

2022-11-09 22:26:43,740 INFO toClientNotifyTaskSize = 0

2022-11-09 22:26:43,740 INFO groupCount = 0, subscriberClientCount = 0, subscriberCount = 0

2022-11-09 22:26:53,722 INFO [long-pulling] client count 0

2022-11-09 22:26:53,753 INFO toNotifyTaskSize = 0

2022-11-09 22:26:53,753 INFO groupCount = 0, subscriberClientCount = 0, subscriberCount = 0

2022-11-09 22:26:53,753 INFO toClientNotifyTaskSize = 0

2022-11-09 22:27:03,728 INFO [long-pulling] client count 0

2022-11-09 22:27:03,759 INFO toNotifyTaskSize = 0

2022-11-09 22:27:03,759 INFO toClientNotifyTaskSize = 0

2022-11-09 22:27:03,759 INFO groupCount = 0, subscriberClientCount = 0, subscriberCount = 0

2022-11-09 22:27:13,742 INFO [long-pulling] client count 0

2022-11-09 22:27:13,774 INFO groupCount = 0, subscriberClientCount = 0, subscriberCount = 0

2022-11-09 22:27:13,774 INFO toNotifyTaskSize = 0

2022-11-09 22:27:13,774 INFO toClientNotifyTaskSize = 0

2022-11-09 22:27:23,746 INFO [long-pulling] client count 0

2022-11-09 22:27:23,776 INFO toNotifyTaskSize = 0

2022-11-09 22:27:23,776 INFO toClientNotifyTaskSize = 0

2022-11-09 22:27:23,776 INFO groupCount = 0, subscriberClientCount = 0, subscriberCount = 0

2022-11-09 22:27:33,757 INFO [long-pulling] client count 0

2022-11-09 22:27:33,787 INFO toNotifyTaskSize = 0

2022-11-09 22:27:33,787 INFO toClientNotifyTaskSize = 0

2022-11-09 22:27:33,787 INFO groupCount = 0, subscriberClientCount = 0, subscriberCount = 0

2022-11-09 22:27:43,767 INFO [long-pulling] client count 0

2022-11-09 22:27:43,798 INFO groupCount = 0, subscriberClientCount = 0, subscriberCount = 0

2022-11-09 22:27:43,798 INFO toNotifyTaskSize = 0

2022-11-09 22:27:43,798 INFO toClientNotifyTaskSize = 0

2022-11-09 22:27:53,767 INFO [long-pulling] client count 0

2022-11-09 22:27:53,813 INFO toNotifyTaskSize = 0

2022-11-09 22:27:53,813 INFO toClientNotifyTaskSize = 0

2022-11-09 22:27:53,813 INFO groupCount = 0, subscriberClientCount = 0, subscriberCount = 0

2022-11-09 22:28:03,773 INFO [long-pulling] client count 0

2022-11-09 22:28:03,820 INFO toNotifyTaskSize = 0

2022-11-09 22:28:03,820 INFO toClientNotifyTaskSize = 0

2022-11-09 22:28:03,820 INFO groupCount = 0, subscriberClientCount = 0, subscriberCount = 0

2022-11-09 22:28:13,786 INFO [long-pulling] client count 0

2022-11-09 22:28:13,834 INFO toNotifyTaskSize = 0

2022-11-09 22:28:13,834 INFO toClientNotifyTaskSize = 0

2022-11-09 22:28:13,834 INFO groupCount = 0, subscriberClientCount = 0, subscriberCount = 0

2022-11-09 22:28:23,796 INFO [long-pulling] client count 0

2022-11-09 22:28:23,844 INFO toNotifyTaskSize = 0

2022-11-09 22:28:23,844 INFO toClientNotifyTaskSize = 0

2022-11-09 22:28:23,844 INFO groupCount = 0, subscriberClientCount = 0, subscriberCount = 0

2022-11-09 22:28:33,803 INFO [long-pulling] client count 0

2022-11-09 22:28:33,850 INFO toNotifyTaskSize = 0

2022-11-09 22:28:33,850 INFO toClientNotifyTaskSize = 0

2022-11-09 22:28:33,850 INFO groupCount = 0, subscriberClientCount = 0, subscriberCount = 0

2022-11-09 22:28:43,812 INFO [long-pulling] client count 0

2022-11-09 22:28:43,858 INFO toNotifyTaskSize = 0

2022-11-09 22:28:43,858 INFO toClientNotifyTaskSize = 0

2022-11-09 22:28:43,858 INFO groupCount = 0, subscriberClientCount = 0, subscriberCount = 0

2022-11-09 22:28:53,817 INFO [long-pulling] client count 0

2022-11-09 22:28:53,863 INFO groupCount = 0, subscriberClientCount = 0, subscriberCount = 0

2022-11-09 22:28:53,863 INFO toNotifyTaskSize = 0

2022-11-09 22:28:53,863 INFO toClientNotifyTaskSize = 0

2022-11-09 22:29:03,826 INFO [long-pulling] client count 0

2022-11-09 22:29:03,873 INFO toNotifyTaskSize = 0

2022-11-09 22:29:03,873 INFO toClientNotifyTaskSize = 0

2022-11-09 22:29:03,873 INFO groupCount = 0, subscriberClientCount = 0, subscriberCount = 0

2022-11-09 22:29:13,842 INFO [long-pulling] client count 0

2022-11-09 22:29:13,888 INFO groupCount = 0, subscriberClientCount = 0, subscriberCount = 0

2022-11-09 22:29:13,888 INFO toNotifyTaskSize = 0

2022-11-09 22:29:13,888 INFO toClientNotifyTaskSize = 0

2022-11-09 22:29:23,848 INFO [long-pulling] client count 0

2022-11-09 22:29:23,895 INFO toNotifyTaskSize = 0

2022-11-09 22:29:23,895 INFO toClientNotifyTaskSize = 0

2022-11-09 22:29:23,895 INFO groupCount = 0, subscriberClientCount = 0, subscriberCount = 0

2022-11-09 22:29:33,849 INFO [long-pulling] client count 0

2022-11-09 22:29:33,911 INFO toNotifyTaskSize = 0

2022-11-09 22:29:33,911 INFO toClientNotifyTaskSize = 0

2022-11-09 22:29:33,911 INFO groupCount = 0, subscriberClientCount = 0, subscriberCount = 0

2022-11-09 22:29:43,856 INFO [long-pulling] client count 0

2022-11-09 22:29:43,918 INFO toNotifyTaskSize = 0

2022-11-09 22:29:43,918 INFO toClientNotifyTaskSize = 0

2022-11-09 22:29:43,918 INFO groupCount = 0, subscriberClientCount = 0, subscriberCount = 0

2022-11-09 22:29:53,858 INFO [long-pulling] client count 0

2022-11-09 22:29:53,921 INFO toNotifyTaskSize = 0

2022-11-09 22:29:53,921 INFO toClientNotifyTaskSize = 0

2022-11-09 22:29:53,921 INFO groupCount = 0, subscriberClientCount = 0, subscriberCount = 0

2022-11-09 22:30:03,870 INFO [long-pulling] client count 0

2022-11-09 22:30:03,932 INFO toNotifyTaskSize = 0

2022-11-09 22:30:03,932 INFO toClientNotifyTaskSize = 0

2022-11-09 22:30:03,932 INFO groupCount = 0, subscriberClientCount = 0, subscriberCount = 0

2022-11-09 22:30:13,873 INFO [long-pulling] client count 0

2022-11-09 22:30:13,936 INFO groupCount = 0, subscriberClientCount = 0, subscriberCount = 0

2022-11-09 22:30:13,936 INFO toNotifyTaskSize = 0

2022-11-09 22:30:13,936 INFO toClientNotifyTaskSize = 0

2022-11-09 22:30:23,882 INFO [long-pulling] client count 0

2022-11-09 22:30:23,944 INFO groupCount = 0, subscriberClientCount = 0, subscriberCount = 0

2022-11-09 22:30:23,944 INFO toNotifyTaskSize = 0

2022-11-09 22:30:23,944 INFO toClientNotifyTaskSize = 0

2022-11-09 22:30:33,888 INFO [long-pulling] client count 0

2022-11-09 22:30:33,950 INFO toNotifyTaskSize = 0

2022-11-09 22:30:33,950 INFO toClientNotifyTaskSize = 0

2022-11-09 22:30:33,950 INFO groupCount = 0, subscriberClientCount = 0, subscriberCount = 0

2022-11-09 22:30:43,893 INFO [long-pulling] client count 0

2022-11-09 22:30:43,956 INFO toNotifyTaskSize = 0

2022-11-09 22:30:43,956 INFO toClientNotifyTaskSize = 0

2022-11-09 22:30:43,956 INFO groupCount = 0, subscriberClientCount = 0, subscriberCount = 0

2022-11-09 22:30:53,907 INFO [long-pulling] client count 0

2022-11-09 22:30:53,969 INFO toNotifyTaskSize = 0

2022-11-09 22:30:53,969 INFO toClientNotifyTaskSize = 0

2022-11-09 22:30:53,969 INFO groupCount = 0, subscriberClientCount = 0, subscriberCount = 0

2022-11-09 22:31:03,921 INFO [long-pulling] client count 0

2022-11-09 22:31:03,984 INFO toNotifyTaskSize = 0

2022-11-09 22:31:03,984 INFO toClientNotifyTaskSize = 0

2022-11-09 22:31:03,984 INFO groupCount = 0, subscriberClientCount = 0, subscriberCount = 0

2022-11-09 22:31:13,934 INFO [long-pulling] client count 0

2022-11-09 22:31:13,995 INFO toNotifyTaskSize = 0

2022-11-09 22:31:13,995 INFO toClientNotifyTaskSize = 0

2022-11-09 22:31:13,995 INFO groupCount = 0, subscriberClientCount = 0, subscriberCount = 0

2022-11-09 22:31:23,941 INFO [long-pulling] client count 0

2022-11-09 22:31:24,003 INFO toNotifyTaskSize = 0

2022-11-09 22:31:24,003 INFO toClientNotifyTaskSize = 0

2022-11-09 22:31:24,003 INFO groupCount = 0, subscriberClientCount = 0, subscriberCount = 0

2022-11-09 22:31:33,951 INFO [long-pulling] client count 0

2022-11-09 22:31:34,013 INFO toNotifyTaskSize = 0

2022-11-09 22:31:34,013 INFO toClientNotifyTaskSize = 0

2022-11-09 22:31:34,013 INFO groupCount = 0, subscriberClientCount = 0, subscriberCount = 0

2022-11-09 22:31:43,952 INFO [long-pulling] client count 0

2022-11-09 22:31:44,014 INFO toNotifyTaskSize = 0

2022-11-09 22:31:44,014 INFO groupCount = 0, subscriberClientCount = 0, subscriberCount = 0

2022-11-09 22:31:44,014 INFO toClientNotifyTaskSize = 0

2022-11-09 22:31:53,964 INFO [long-pulling] client count 0

2022-11-09 22:31:54,025 INFO toNotifyTaskSize = 0

2022-11-09 22:31:54,025 INFO toClientNotifyTaskSize = 0

2022-11-09 22:31:54,025 INFO groupCount = 0, subscriberClientCount = 0, subscriberCount = 0

2022-11-09 22:32:03,974 INFO [long-pulling] client count 0

2022-11-09 22:32:04,037 INFO toNotifyTaskSize = 0

2022-11-09 22:32:04,037 INFO toClientNotifyTaskSize = 0

2022-11-09 22:32:04,037 INFO groupCount = 0, subscriberClientCount = 0, subscriberCount = 0

2022-11-09 22:32:13,975 INFO [long-pulling] client count 0

2022-11-09 22:32:14,053 INFO toNotifyTaskSize = 0

2022-11-09 22:32:14,053 INFO groupCount = 0, subscriberClientCount = 0, subscriberCount = 0

2022-11-09 22:32:14,053 INFO toClientNotifyTaskSize = 0

2022-11-09 22:32:23,989 INFO [long-pulling] client count 0

2022-11-09 22:32:24,067 INFO toNotifyTaskSize = 0

2022-11-09 22:32:24,067 INFO toClientNotifyTaskSize = 0

2022-11-09 22:32:24,067 INFO groupCount = 0, subscriberClientCount = 0, subscriberCount = 0

2022-11-09 22:32:34,003 INFO [long-pulling] client count 0

2022-11-09 22:32:34,080 INFO toNotifyTaskSize = 0

2022-11-09 22:32:34,080 INFO toClientNotifyTaskSize = 0

2022-11-09 22:32:34,080 INFO groupCount = 0, subscriberClientCount = 0, subscriberCount = 0

2022-11-09 22:32:44,010 INFO [long-pulling] client count 0

2022-11-09 22:32:44,087 INFO toNotifyTaskSize = 0

2022-11-09 22:32:44,087 INFO toClientNotifyTaskSize = 0

2022-11-09 22:32:44,087 INFO groupCount = 0, subscriberClientCount = 0, subscriberCount = 0

2022-11-09 22:32:54,012 INFO [long-pulling] client count 0

2022-11-09 22:32:54,091 INFO groupCount = 0, subscriberClientCount = 0, subscriberCount = 0

2022-11-09 22:32:54,091 INFO toNotifyTaskSize = 0

2022-11-09 22:32:54,091 INFO toClientNotifyTaskSize = 0

2022-11-09 22:33:04,014 INFO [long-pulling] client count 0

2022-11-09 22:33:04,092 INFO groupCount = 0, subscriberClientCount = 0, subscriberCount = 0

2022-11-09 22:33:04,092 INFO toNotifyTaskSize = 0

2022-11-09 22:33:04,092 INFO toClientNotifyTaskSize = 0

2022-11-09 22:33:14,021 INFO [long-pulling] client count 0

2022-11-09 22:33:14,099 INFO toNotifyTaskSize = 0

2022-11-09 22:33:14,099 INFO groupCount = 0, subscriberClientCount = 0, subscriberCount = 0

2022-11-09 22:33:14,099 INFO toClientNotifyTaskSize = 0

2022-11-09 22:33:24,025 INFO [long-pulling] client count 0

2022-11-09 22:33:24,103 INFO groupCount = 0, subscriberClientCount = 0, subscriberCount = 0

2022-11-09 22:33:24,103 INFO toNotifyTaskSize = 0

2022-11-09 22:33:24,103 INFO toClientNotifyTaskSize = 0

2022-11-09 22:33:34,032 INFO [long-pulling] client count 0

2022-11-09 22:33:34,110 INFO toNotifyTaskSize = 0

2022-11-09 22:33:34,110 INFO toClientNotifyTaskSize = 0

2022-11-09 22:33:34,110 INFO groupCount = 0, subscriberClientCount = 0, subscriberCount = 0

2022-11-09 22:33:44,032 INFO [long-pulling] client count 0

2022-11-09 22:33:44,110 INFO toNotifyTaskSize = 0

2022-11-09 22:33:44,110 INFO toClientNotifyTaskSize = 0

2022-11-09 22:33:44,110 INFO groupCount = 0, subscriberClientCount = 0, subscriberCount = 0

2022-11-09 22:33:54,042 INFO [long-pulling] client count 0

2022-11-09 22:33:54,120 INFO toNotifyTaskSize = 0

2022-11-09 22:33:54,120 INFO toClientNotifyTaskSize = 0

2022-11-09 22:33:54,120 INFO groupCount = 0, subscriberClientCount = 0, subscriberCount = 0

2022-11-09 22:34:04,047 INFO [long-pulling] client count 0

2022-11-09 22:34:04,126 INFO toNotifyTaskSize = 0

2022-11-09 22:34:04,126 INFO toClientNotifyTaskSize = 0

2022-11-09 22:34:04,126 INFO groupCount = 0, subscriberClientCount = 0, subscriberCount = 0

2022-11-09 22:34:14,059 INFO [long-pulling] client count 0

2022-11-09 22:34:14,138 INFO toNotifyTaskSize = 0

2022-11-09 22:34:14,138 INFO toClientNotifyTaskSize = 0

2022-11-09 22:34:14,138 INFO groupCount = 0, subscriberClientCount = 0, subscriberCount = 0

2022-11-09 22:34:24,062 INFO [long-pulling] client count 0

2022-11-09 22:34:24,141 INFO toNotifyTaskSize = 0

2022-11-09 22:34:24,141 INFO groupCount = 0, subscriberClientCount = 0, subscriberCount = 0

2022-11-09 22:34:24,158 INFO toClientNotifyTaskSize = 0

2022-11-09 22:34:34,077 INFO [long-pulling] client count 0

2022-11-09 22:34:34,170 INFO toNotifyTaskSize = 0

2022-11-09 22:34:34,170 INFO toClientNotifyTaskSize = 0

2022-11-09 22:34:34,170 INFO groupCount = 0, subscriberClientCount = 0, subscriberCount = 0

2022-11-09 22:34:44,089 INFO [long-pulling] client count 0

2022-11-09 22:34:44,182 INFO toNotifyTaskSize = 0

2022-11-09 22:34:44,182 INFO toClientNotifyTaskSize = 0

2022-11-09 22:34:44,182 INFO groupCount = 0, subscriberClientCount = 0, subscriberCount = 0

2022-11-09 22:34:54,094 INFO [long-pulling] client count 0

2022-11-09 22:34:54,187 INFO groupCount = 0, subscriberClientCount = 0, subscriberCount = 0

2022-11-09 22:34:54,187 INFO toNotifyTaskSize = 0

2022-11-09 22:34:54,187 INFO toClientNotifyTaskSize = 0

2022-11-09 22:35:04,098 INFO [long-pulling] client count 0

2022-11-09 22:35:04,190 INFO groupCount = 0, subscriberClientCount = 0, subscriberCount = 0

2022-11-09 22:35:04,190 INFO toNotifyTaskSize = 0

2022-11-09 22:35:04,190 INFO toClientNotifyTaskSize = 0

2022-11-09 22:35:14,110 INFO [long-pulling] client count 0

2022-11-09 22:35:14,203 INFO groupCount = 0, subscriberClientCount = 0, subscriberCount = 0

2022-11-09 22:35:14,203 INFO toNotifyTaskSize = 0

2022-11-09 22:35:14,203 INFO toClientNotifyTaskSize = 0

2022-11-09 22:35:24,123 INFO [long-pulling] client count 0

2022-11-09 22:35:24,217 INFO toNotifyTaskSize = 0

2022-11-09 22:35:24,217 INFO toClientNotifyTaskSize = 0

2022-11-09 22:35:24,217 INFO groupCount = 0, subscriberClientCount = 0, subscriberCount = 0

2022-11-09 22:35:34,126 INFO [long-pulling] client count 0

2022-11-09 22:35:34,220 INFO toNotifyTaskSize = 0

2022-11-09 22:35:34,220 INFO toClientNotifyTaskSize = 0

2022-11-09 22:35:34,220 INFO groupCount = 0, subscriberClientCount = 0, subscriberCount = 0

2022-11-09 22:35:44,141 INFO [long-pulling] client count 0

2022-11-09 22:35:44,236 INFO toNotifyTaskSize = 0

2022-11-09 22:35:44,236 INFO toClientNotifyTaskSize = 0

2022-11-09 22:35:44,236 INFO groupCount = 0, subscriberClientCount = 0, subscriberCount = 0

2022-11-09 22:35:54,149 INFO [long-pulling] client count 0

2022-11-09 22:35:54,242 INFO toNotifyTaskSize = 0

2022-11-09 22:35:54,242 INFO toClientNotifyTaskSize = 0

2022-11-09 22:35:54,242 INFO groupCount = 0, subscriberClientCount = 0, subscriberCount = 0

2022-11-09 22:36:04,162 INFO [long-pulling] client count 0

2022-11-09 22:36:04,255 INFO toNotifyTaskSize = 0

2022-11-09 22:36:04,255 INFO toClientNotifyTaskSize = 0

2022-11-09 22:36:04,255 INFO groupCount = 0, subscriberClientCount = 0, subscriberCount = 0

2022-11-09 22:36:14,163 INFO [long-pulling] client count 0

2022-11-09 22:36:14,257 INFO toNotifyTaskSize = 0

2022-11-09 22:36:14,257 INFO groupCount = 0, subscriberClientCount = 0, subscriberCount = 0

2022-11-09 22:36:14,257 INFO toClientNotifyTaskSize = 0

2022-11-09 22:36:24,167 INFO [long-pulling] client count 0

2022-11-09 22:36:24,261 INFO toNotifyTaskSize = 0

2022-11-09 22:36:24,261 INFO toClientNotifyTaskSize = 0

2022-11-09 22:36:24,261 INFO groupCount = 0, subscriberClientCount = 0, subscriberCount = 0

2022-11-09 22:36:34,170 INFO [long-pulling] client count 0

2022-11-09 22:36:34,264 INFO toNotifyTaskSize = 0

2022-11-09 22:36:34,264 INFO groupCount = 0, subscriberClientCount = 0, subscriberCount = 0

2022-11-09 22:36:34,264 INFO toClientNotifyTaskSize = 0

2022-11-09 22:36:44,184 INFO [long-pulling] client count 0

2022-11-09 22:36:44,277 INFO toNotifyTaskSize = 0

2022-11-09 22:36:44,277 INFO toClientNotifyTaskSize = 0

2022-11-09 22:36:44,277 INFO groupCount = 0, subscriberClientCount = 0, subscriberCount = 0

2022-11-09 22:36:54,196 INFO [long-pulling] client count 0

2022-11-09 22:36:54,291 INFO toNotifyTaskSize = 0

2022-11-09 22:36:54,291 INFO toClientNotifyTaskSize = 0

2022-11-09 22:36:54,291 INFO groupCount = 0, subscriberClientCount = 0, subscriberCount = 0

2022-11-09 22:37:04,207 INFO [long-pulling] client count 0

2022-11-09 22:37:04,301 INFO groupCount = 0, subscriberClientCount = 0, subscriberCount = 0

2022-11-09 22:37:04,301 INFO toNotifyTaskSize = 0

2022-11-09 22:37:04,301 INFO toClientNotifyTaskSize = 0

2022-11-09 22:37:14,216 INFO [long-pulling] client count 0

2022-11-09 22:37:14,311 INFO toNotifyTaskSize = 0

2022-11-09 22:37:14,311 INFO toClientNotifyTaskSize = 0

2022-11-09 22:37:14,311 INFO groupCount = 0, subscriberClientCount = 0, subscriberCount = 0

2022-11-09 22:37:24,218 INFO [long-pulling] client count 0

2022-11-09 22:37:24,312 INFO toNotifyTaskSize = 0

2022-11-09 22:37:24,312 INFO groupCount = 0, subscriberClientCount = 0, subscriberCount = 0

2022-11-09 22:37:24,312 INFO toClientNotifyTaskSize = 0

2022-11-09 22:37:34,220 INFO [long-pulling] client count 0

2022-11-09 22:37:34,314 INFO groupCount = 0, subscriberClientCount = 0, subscriberCount = 0

2022-11-09 22:37:34,314 INFO toNotifyTaskSize = 0

2022-11-09 22:37:34,314 INFO toClientNotifyTaskSize = 0

2022-11-09 22:37:44,230 INFO [long-pulling] client count 0

2022-11-09 22:37:44,324 INFO toNotifyTaskSize = 0

2022-11-09 22:37:44,324 INFO toClientNotifyTaskSize = 0

2022-11-09 22:37:44,324 INFO groupCount = 0, subscriberClientCount = 0, subscriberCount = 0

2022-11-09 22:37:54,231 INFO [long-pulling] client count 0

2022-11-09 22:37:54,325 INFO toNotifyTaskSize = 0

2022-11-09 22:37:54,325 INFO toClientNotifyTaskSize = 0

2022-11-09 22:37:54,325 INFO groupCount = 0, subscriberClientCount = 0, subscriberCount = 0

2022-11-09 22:38:04,241 INFO [long-pulling] client count 0

2022-11-09 22:38:04,333 INFO toNotifyTaskSize = 0

2022-11-09 22:38:04,333 INFO toClientNotifyTaskSize = 0

2022-11-09 22:38:04,333 INFO groupCount = 0, subscriberClientCount = 0, subscriberCount = 0

2022-11-09 22:38:14,256 INFO [long-pulling] client count 0

2022-11-09 22:38:14,334 INFO toNotifyTaskSize = 0

2022-11-09 22:38:14,334 INFO toClientNotifyTaskSize = 0

2022-11-09 22:38:14,334 INFO groupCount = 0, subscriberClientCount = 0, subscriberCount = 0

2022-11-09 22:38:24,266 INFO [long-pulling] client count 0

2022-11-09 22:38:24,345 INFO toNotifyTaskSize = 0

2022-11-09 22:38:24,345 INFO toClientNotifyTaskSize = 0

2022-11-09 22:38:24,345 INFO groupCount = 0, subscriberClientCount = 0, subscriberCount = 0

2022-11-09 22:38:34,280 INFO [long-pulling] client count 0

2022-11-09 22:38:34,359 INFO toNotifyTaskSize = 0

2022-11-09 22:38:34,359 INFO toClientNotifyTaskSize = 0

2022-11-09 22:38:34,359 INFO groupCount = 0, subscriberClientCount = 0, subscriberCount = 0

2022-11-09 22:38:44,289 INFO [long-pulling] client count 0

2022-11-09 22:38:44,366 INFO toNotifyTaskSize = 0

2022-11-09 22:38:44,366 INFO groupCount = 0, subscriberClientCount = 0, subscriberCount = 0

2022-11-09 22:38:44,366 INFO toClientNotifyTaskSize = 0

2022-11-09 22:38:54,295 INFO [long-pulling] client count 0

2022-11-09 22:38:54,373 INFO groupCount = 0, subscriberClientCount = 0, subscriberCount = 0

2022-11-09 22:38:54,373 INFO toNotifyTaskSize = 0

2022-11-09 22:38:54,373 INFO toClientNotifyTaskSize = 0

2022-11-09 22:39:04,303 INFO [long-pulling] client count 0

2022-11-09 22:39:04,381 INFO groupCount = 0, subscriberClientCount = 0, subscriberCount = 0

2022-11-09 22:39:04,381 INFO toNotifyTaskSize = 0

2022-11-09 22:39:04,381 INFO toClientNotifyTaskSize = 0

2022-11-09 22:39:14,307 INFO [long-pulling] client count 0

2022-11-09 22:39:14,386 INFO groupCount = 0, subscriberClientCount = 0, subscriberCount = 0

2022-11-09 22:39:14,386 INFO toNotifyTaskSize = 0

2022-11-09 22:39:14,386 INFO toClientNotifyTaskSize = 0

2022-11-09 22:39:24,317 INFO [long-pulling] client count 0

2022-11-09 22:39:24,395 INFO toNotifyTaskSize = 0

2022-11-09 22:39:24,395 INFO toClientNotifyTaskSize = 0

2022-11-09 22:39:24,395 INFO groupCount = 0, subscriberClientCount = 0, subscriberCount = 0

2022-11-09 22:39:34,325 INFO [long-pulling] client count 0

2022-11-09 22:39:34,402 INFO toNotifyTaskSize = 0

2022-11-09 22:39:34,402 INFO toClientNotifyTaskSize = 0

2022-11-09 22:39:34,402 INFO groupCount = 0, subscriberClientCount = 0, subscriberCount = 0

2022-11-09 22:39:44,329 INFO [long-pulling] client count 0

2022-11-09 22:39:44,408 INFO toNotifyTaskSize = 0

2022-11-09 22:39:44,408 INFO groupCount = 0, subscriberClientCount = 0, subscriberCount = 0

2022-11-09 22:39:44,408 INFO toClientNotifyTaskSize = 0

2022-11-09 22:39:54,332 INFO [long-pulling] client count 0

2022-11-09 22:39:54,410 INFO groupCount = 0, subscriberClientCount = 0, subscriberCount = 0

2022-11-09 22:39:54,410 INFO toNotifyTaskSize = 0

2022-11-09 22:39:54,410 INFO toClientNotifyTaskSize = 0

2022-11-09 22:40:04,335 INFO [long-pulling] client count 0

2022-11-09 22:40:04,413 INFO groupCount = 0, subscriberClientCount = 0, subscriberCount = 0

2022-11-09 22:40:04,413 INFO toNotifyTaskSize = 0

2022-11-09 22:40:04,413 INFO toClientNotifyTaskSize = 0

2022-11-09 22:40:14,349 INFO [long-pulling] client count 0

2022-11-09 22:40:14,427 INFO groupCount = 0, subscriberClientCount = 0, subscriberCount = 0

2022-11-09 22:40:14,427 INFO toNotifyTaskSize = 0

2022-11-09 22:40:14,427 INFO toClientNotifyTaskSize = 0

2022-11-09 22:40:24,359 INFO [long-pulling] client count 0

2022-11-09 22:40:24,436 INFO toNotifyTaskSize = 0

2022-11-09 22:40:24,436 INFO toClientNotifyTaskSize = 0

2022-11-09 22:40:24,436 INFO groupCount = 0, subscriberClientCount = 0, subscriberCount = 0

2022-11-09 22:40:34,373 INFO [long-pulling] client count 0

2022-11-09 22:40:34,451 INFO toNotifyTaskSize = 0

2022-11-09 22:40:34,451 INFO toClientNotifyTaskSize = 0

2022-11-09 22:40:34,451 INFO groupCount = 0, subscriberClientCount = 0, subscriberCount = 0

2022-11-09 22:40:44,383 INFO [long-pulling] client count 0

2022-11-09 22:40:44,461 INFO toNotifyTaskSize = 0

2022-11-09 22:40:44,461 INFO groupCount = 0, subscriberClientCount = 0, subscriberCount = 0

2022-11-09 22:40:44,461 INFO toClientNotifyTaskSize = 0

2022-11-09 22:40:54,390 INFO [long-pulling] client count 0

2022-11-09 22:40:54,468 INFO toNotifyTaskSize = 0

2022-11-09 22:40:54,468 INFO toClientNotifyTaskSize = 0

2022-11-09 22:40:54,468 INFO groupCount = 0, subscriberClientCount = 0, subscriberCount = 0

2022-11-09 22:41:04,399 INFO [long-pulling] client count 0

2022-11-09 22:41:04,476 INFO toNotifyTaskSize = 0

2022-11-09 22:41:04,476 INFO toClientNotifyTaskSize = 0

2022-11-09 22:41:04,476 INFO groupCount = 0, subscriberClientCount = 0, subscriberCount = 0

2022-11-09 22:41:14,403 INFO [long-pulling] client count 0

2022-11-09 22:41:14,481 INFO toNotifyTaskSize = 0

2022-11-09 22:41:14,481 INFO toClientNotifyTaskSize = 0

2022-11-09 22:41:14,481 INFO groupCount = 0, subscriberClientCount = 0, subscriberCount = 0

2022-11-09 22:41:24,406 INFO [long-pulling] client count 0

2022-11-09 22:41:24,484 INFO toNotifyTaskSize = 0

2022-11-09 22:41:24,484 INFO toClientNotifyTaskSize = 0

2022-11-09 22:41:24,484 INFO groupCount = 0, subscriberClientCount = 0, subscriberCount = 0

2022-11-09 22:41:34,413 INFO [long-pulling] client count 0

2022-11-09 22:41:34,491 INFO toNotifyTaskSize = 0

2022-11-09 22:41:34,491 INFO groupCount = 0, subscriberClientCount = 0, subscriberCount = 0

2022-11-09 22:41:34,491 INFO toClientNotifyTaskSize = 0

2022-11-09 22:41:44,413 INFO [long-pulling] client count 0

2022-11-09 22:41:44,507 INFO toNotifyTaskSize = 0

2022-11-09 22:41:44,507 INFO toClientNotifyTaskSize = 0

2022-11-09 22:41:44,507 INFO groupCount = 0, subscriberClientCount = 0, subscriberCount = 0

2022-11-09 22:41:54,414 INFO [long-pulling] client count 0

2022-11-09 22:41:54,522 INFO toNotifyTaskSize = 0

2022-11-09 22:41:54,522 INFO toClientNotifyTaskSize = 0

2022-11-09 22:41:54,522 INFO groupCount = 0, subscriberClientCount = 0, subscriberCount = 0

2022-11-09 22:42:04,429 INFO [long-pulling] client count 0

2022-11-09 22:42:04,523 INFO toNotifyTaskSize = 0

2022-11-09 22:42:04,523 INFO toClientNotifyTaskSize = 0

2022-11-09 22:42:04,523 INFO groupCount = 0, subscriberClientCount = 0, subscriberCount = 0

2022-11-09 22:42:14,437 INFO [long-pulling] client count 0

2022-11-09 22:42:14,530 INFO groupCount = 0, subscriberClientCount = 0, subscriberCount = 0

2022-11-09 22:42:14,530 INFO toNotifyTaskSize = 0

2022-11-09 22:42:14,530 INFO toClientNotifyTaskSize = 0

2022-11-09 22:42:24,443 INFO [long-pulling] client count 0

2022-11-09 22:42:24,536 INFO groupCount = 0, subscriberClientCount = 0, subscriberCount = 0

2022-11-09 22:42:24,536 INFO toNotifyTaskSize = 0

2022-11-09 22:42:24,536 INFO toClientNotifyTaskSize = 0

2022-11-09 22:42:34,458 INFO [long-pulling] client count 0

2022-11-09 22:42:34,551 INFO toNotifyTaskSize = 0

2022-11-09 22:42:34,551 INFO toClientNotifyTaskSize = 0

2022-11-09 22:42:34,551 INFO groupCount = 0, subscriberClientCount = 0, subscriberCount = 0

2022-11-09 22:42:44,470 INFO [long-pulling] client count 0

2022-11-09 22:42:44,564 INFO groupCount = 0, subscriberClientCount = 0, subscriberCount = 0

2022-11-09 22:42:44,564 INFO toNotifyTaskSize = 0

2022-11-09 22:42:44,564 INFO toClientNotifyTaskSize = 0

2022-11-09 22:42:54,470 INFO [long-pulling] client count 0

2022-11-09 22:42:54,564 INFO toNotifyTaskSize = 0

2022-11-09 22:42:54,564 INFO toClientNotifyTaskSize = 0

2022-11-09 22:42:54,564 INFO groupCount = 0, subscriberClientCount = 0, subscriberCount = 0

2022-11-09 22:43:04,474 INFO [long-pulling] client count 0

2022-11-09 22:43:04,569 INFO toNotifyTaskSize = 0

2022-11-09 22:43:04,569 INFO toClientNotifyTaskSize = 0

2022-11-09 22:43:04,569 INFO groupCount = 0, subscriberClientCount = 0, subscriberCount = 0

2022-11-09 22:43:14,479 INFO [long-pulling] client count 0

2022-11-09 22:43:14,572 INFO groupCount = 0, subscriberClientCount = 0, subscriberCount = 0

2022-11-09 22:43:14,572 INFO toNotifyTaskSize = 0

2022-11-09 22:43:14,572 INFO toClientNotifyTaskSize = 0

2022-11-09 22:43:24,492 INFO [long-pulling] client count 0

2022-11-09 22:43:24,585 INFO groupCount = 0, subscriberClientCount = 0, subscriberCount = 0

2022-11-09 22:43:24,585 INFO toNotifyTaskSize = 0

2022-11-09 22:43:24,585 INFO toClientNotifyTaskSize = 0

2022-11-09 22:43:34,500 INFO [long-pulling] client count 0

2022-11-09 22:43:34,593 INFO toNotifyTaskSize = 0

2022-11-09 22:43:34,593 INFO toClientNotifyTaskSize = 0

2022-11-09 22:43:34,593 INFO groupCount = 0, subscriberClientCount = 0, subscriberCount = 0

2022-11-09 22:43:44,507 INFO [long-pulling] client count 0

2022-11-09 22:43:44,599 INFO toNotifyTaskSize = 0

2022-11-09 22:43:44,599 INFO toClientNotifyTaskSize = 0

2022-11-09 22:43:44,599 INFO groupCount = 0, subscriberClientCount = 0, subscriberCount = 0

