2022-11-09 21:41:16,764 WARN naming.distro config will be removed, please use core.protocol.distro replace.

2022-11-09 21:41:16,764 WARN Using naming.distro config to replace core.distro config

2022-11-09 21:41:36,563 WARN naming.distro config will be removed, please use core.protocol.distro replace.

2022-11-09 21:41:36,563 WARN Using naming.distro config to replace core.distro config

2022-11-09 21:41:38,884 INFO open empty service auto clean job, initialDelay : 50000 ms, period : 30000 ms

2022-11-09 21:41:38,885 INFO listen for service meta change

2022-11-09 21:41:38,890 INFO upgrade.state file is not exist

2022-11-09 21:42:40,972 WARN naming.distro config will be removed, please use core.protocol.distro replace.

2022-11-09 21:42:40,973 WARN Using naming.distro config to replace core.distro config

2022-11-09 21:42:43,276 INFO open empty service auto clean job, initialDelay : 50000 ms, period : 30000 ms

2022-11-09 21:42:43,278 INFO listen for service meta change

2022-11-09 21:50:40,810 WARN naming.distro config will be removed, please use core.protocol.distro replace.

2022-11-09 21:50:40,811 WARN Using naming.distro config to replace core.distro config

2022-11-09 21:50:43,100 INFO open empty service auto clean job, initialDelay : 50000 ms, period : 30000 ms

2022-11-09 21:50:43,101 INFO listen for service meta change

2022-11-09 21:52:30,159 WARN naming.distro config will be removed, please use core.protocol.distro replace.

2022-11-09 21:52:30,159 WARN Using naming.distro config to replace core.distro config

2022-11-09 21:52:32,361 INFO open empty service auto clean job, initialDelay : 50000 ms, period : 30000 ms

2022-11-09 21:52:32,362 INFO listen for service meta change

2022-11-09 21:54:17,665 WARN naming.distro config will be removed, please use core.protocol.distro replace.

2022-11-09 21:54:17,665 WARN Using naming.distro config to replace core.distro config

2022-11-09 21:54:17,785 INFO open empty service auto clean job, initialDelay : 50000 ms, period : 30000 ms

2022-11-09 21:54:17,786 INFO listen for service meta change

2022-11-09 21:54:24,405 INFO [SelectorManager] Load SelectorContextBuilder(class com.alibaba.nacos.naming.selector.context.CmdbSelectorContextBuilder) contextType(CMDB) successfully.

2022-11-09 21:54:24,405 INFO [SelectorManager] Load SelectorContextBuilder(class com.alibaba.nacos.naming.selector.context.NoneSelectorContextBuilder) contextType(NONE) successfully.

2022-11-09 21:54:24,405 INFO [SelectorManager] Load Selector(class com.alibaba.nacos.naming.selector.LabelSelector) type(label) contextType(CMDB) successfully.

2022-11-09 21:54:24,405 INFO [SelectorManager] Load Selector(class com.alibaba.nacos.naming.selector.NoneSelector) type(none) contextType(NONE) successfully.

2022-11-09 21:54:26,083 INFO Load instance extension handler []

2022-11-09 22:27:48,082 INFO Client connection 192.168.31.154:52044#true connect

2022-11-09 22:28:20,442 INFO Client connection 192.168.31.154:52044#true disconnect, remove instances and subscribers

2022-11-09 22:29:21,078 INFO Client connection 192.168.31.154:50277#true connect

2022-11-09 22:29:55,604 INFO Client connection 192.168.31.154:50277#true disconnect, remove instances and subscribers

2022-11-09 22:31:22,664 INFO Client connection 192.168.31.154:64398#true connect

2022-11-09 22:31:55,828 INFO Client connection 192.168.31.154:64398#true disconnect, remove instances and subscribers

2022-11-09 22:33:17,499 INFO Client connection 192.168.31.154:58646#true connect

2022-11-09 22:33:17,573 INFO Client connection 192.168.88.1:8089#true connect

2022-11-09 22:33:17,573 INFO Client change for service Service{namespace='public', group='DEFAULT_GROUP', name='meta-admin', ephemeral=true, revision=0}, 192.168.88.1:8089#true

2022-11-09 22:38:10,252 INFO Client connection 192.168.31.154:60097#true connect

2022-11-09 22:38:10,322 INFO Client connection 192.168.88.1:8090#true connect

2022-11-09 22:38:10,322 INFO Client change for service Service{namespace='public', group='DEFAULT_GROUP', name='meta-consumer', ephemeral=true, revision=0}, 192.168.88.1:8090#true

2022-11-09 22:39:38,087 INFO Client remove for service Service{namespace='public', group='DEFAULT_GROUP', name='meta-admin', ephemeral=true, revision=1}, 192.168.88.1:8089#true

2022-11-09 22:39:40,684 INFO Client remove for service Service{namespace='public', group='DEFAULT_GROUP', name='meta-consumer', ephemeral=true, revision=1}, 192.168.88.1:8090#true

2022-11-09 22:40:11,666 INFO Client connection 192.168.88.1:8089#true disconnect, remove instances and subscribers

2022-11-09 22:40:11,666 INFO Client connection 192.168.88.1:8090#true disconnect, remove instances and subscribers

2022-11-09 22:40:11,666 INFO Client connection 192.168.31.154:60097#true disconnect, remove instances and subscribers

2022-11-09 22:40:11,666 INFO Client connection 192.168.31.154:58646#true disconnect, remove instances and subscribers

