2022-11-09 21:54:22,350 INFO Register tps control,pointName=CONFIG_PUSH_COUNT, point=com.alibaba.nacos.core.remote.control.TpsMonitorPoint@4f9a2c08 

2022-11-09 21:54:22,352 INFO Load rule from local,pointName=CONFIG_PUSH_COUNT, ruleContent= 

2022-11-09 21:54:22,352 INFO Apply tps control rule parse start,pointName=[CONFIG_PUSH_COUNT]  

2022-11-09 21:54:22,352 INFO Clear point  control rule ,pointName=[CONFIG_PUSH_COUNT]  

2022-11-09 21:54:22,352 INFO Clear point  control rule for monitorKeys, pointName=[CONFIG_PUSH_COUNT]  

2022-11-09 21:54:22,352 INFO Register tps control,pointName=CONFIG_PUSH_SUCCESS, point=com.alibaba.nacos.core.remote.control.TpsMonitorPoint@a87f8ec 

2022-11-09 21:54:22,354 INFO Load rule from local,pointName=CONFIG_PUSH_SUCCESS, ruleContent= 

2022-11-09 21:54:22,354 INFO Apply tps control rule parse start,pointName=[CONFIG_PUSH_SUCCESS]  

2022-11-09 21:54:22,354 INFO Clear point  control rule ,pointName=[CONFIG_PUSH_SUCCESS]  

2022-11-09 21:54:22,354 INFO Clear point  control rule for monitorKeys, pointName=[CONFIG_PUSH_SUCCESS]  

2022-11-09 21:54:22,354 INFO Register tps control,pointName=CONFIG_PUSH_FAIL, point=com.alibaba.nacos.core.remote.control.TpsMonitorPoint@5443d039 

2022-11-09 21:54:22,354 INFO Load rule from local,pointName=CONFIG_PUSH_COUNT, ruleContent= 

2022-11-09 21:54:22,354 INFO Apply tps control rule parse start,pointName=[CONFIG_PUSH_COUNT]  

2022-11-09 21:54:22,354 INFO Clear point  control rule ,pointName=[CONFIG_PUSH_COUNT]  

2022-11-09 21:54:22,354 INFO Clear point  control rule for monitorKeys, pointName=[CONFIG_PUSH_COUNT]  

2022-11-09 21:54:22,355 INFO Load rule from local,pointName=CONFIG_PUSH_FAIL, ruleContent= 

2022-11-09 21:54:22,356 INFO Apply tps control rule parse start,pointName=[CONFIG_PUSH_FAIL]  

2022-11-09 21:54:22,356 INFO Clear point  control rule ,pointName=[CONFIG_PUSH_FAIL]  

2022-11-09 21:54:22,356 INFO Clear point  control rule for monitorKeys, pointName=[CONFIG_PUSH_FAIL]  

2022-11-09 21:54:22,356 INFO Load rule from local,pointName=CONFIG_PUSH_SUCCESS, ruleContent= 

2022-11-09 21:54:22,356 INFO Apply tps control rule parse start,pointName=[CONFIG_PUSH_SUCCESS]  

2022-11-09 21:54:22,356 INFO Clear point  control rule ,pointName=[CONFIG_PUSH_SUCCESS]  

2022-11-09 21:54:22,356 INFO Clear point  control rule for monitorKeys, pointName=[CONFIG_PUSH_SUCCESS]  

2022-11-09 21:54:22,356 INFO Load rule from local,pointName=CONFIG_PUSH_FAIL, ruleContent= 

2022-11-09 21:54:22,356 INFO Apply tps control rule parse start,pointName=[CONFIG_PUSH_FAIL]  

2022-11-09 21:54:22,356 INFO Clear point  control rule ,pointName=[CONFIG_PUSH_FAIL]  

2022-11-09 21:54:22,357 INFO Clear point  control rule for monitorKeys, pointName=[CONFIG_PUSH_FAIL]  

2022-11-09 21:54:27,430 INFO Register tps control,pointName=ConfigQuery, point=com.alibaba.nacos.core.remote.control.TpsMonitorPoint@a486d78 

2022-11-09 21:54:27,453 INFO Load rule from local,pointName=ConfigQuery, ruleContent= 

2022-11-09 21:54:27,453 INFO Apply tps control rule parse start,pointName=[ConfigQuery]  

2022-11-09 21:54:27,453 INFO Clear point  control rule ,pointName=[ConfigQuery]  

2022-11-09 21:54:27,453 INFO Clear point  control rule for monitorKeys, pointName=[ConfigQuery]  

2022-11-09 21:54:27,453 INFO Register tps control,pointName=ClusterConfigChangeNotify, point=com.alibaba.nacos.core.remote.control.TpsMonitorPoint@cdc3aae 

2022-11-09 21:54:27,454 INFO Load rule from local,pointName=ClusterConfigChangeNotify, ruleContent= 

2022-11-09 21:54:27,454 INFO Apply tps control rule parse start,pointName=[ClusterConfigChangeNotify]  

2022-11-09 21:54:27,454 INFO Clear point  control rule ,pointName=[ClusterConfigChangeNotify]  

2022-11-09 21:54:27,454 INFO Clear point  control rule for monitorKeys, pointName=[ClusterConfigChangeNotify]  

2022-11-09 21:54:27,454 INFO Register tps control,pointName=ConfigListen, point=com.alibaba.nacos.core.remote.control.TpsMonitorPoint@7ef2d7a6 

2022-11-09 21:54:27,455 INFO Load rule from local,pointName=ConfigListen, ruleContent= 

2022-11-09 21:54:27,455 INFO Apply tps control rule parse start,pointName=[ConfigListen]  

2022-11-09 21:54:27,455 INFO Clear point  control rule ,pointName=[ConfigListen]  

2022-11-09 21:54:27,455 INFO Clear point  control rule for monitorKeys, pointName=[ConfigListen]  

2022-11-09 21:54:27,456 INFO Register tps control,pointName=ConfigRemove, point=com.alibaba.nacos.core.remote.control.TpsMonitorPoint@4c36250e 

2022-11-09 21:54:27,457 INFO Load rule from local,pointName=ConfigRemove, ruleContent= 

2022-11-09 21:54:27,457 INFO Apply tps control rule parse start,pointName=[ConfigRemove]  

2022-11-09 21:54:27,457 INFO Clear point  control rule ,pointName=[ConfigRemove]  

2022-11-09 21:54:27,457 INFO Clear point  control rule for monitorKeys, pointName=[ConfigRemove]  

2022-11-09 21:54:27,457 INFO Register tps control,pointName=ConfigPublish, point=com.alibaba.nacos.core.remote.control.TpsMonitorPoint@21526f6c 

2022-11-09 21:54:27,458 INFO Load rule from local,pointName=ConfigPublish, ruleContent= 

2022-11-09 21:54:27,458 INFO Apply tps control rule parse start,pointName=[ConfigPublish]  

2022-11-09 21:54:27,458 INFO Clear point  control rule ,pointName=[ConfigPublish]  

2022-11-09 21:54:27,459 INFO Clear point  control rule for monitorKeys, pointName=[ConfigPublish]  

2022-11-09 21:54:27,459 INFO Register tps control,pointName=HealthCheck, point=com.alibaba.nacos.core.remote.control.TpsMonitorPoint@49f5c307 

2022-11-09 21:54:27,460 INFO Load rule from local,pointName=HealthCheck, ruleContent= 

2022-11-09 21:54:27,460 INFO Apply tps control rule parse start,pointName=[HealthCheck]  

2022-11-09 21:54:27,460 INFO Clear point  control rule ,pointName=[HealthCheck]  

2022-11-09 21:54:27,460 INFO Clear point  control rule for monitorKeys, pointName=[HealthCheck]  

2022-11-09 22:27:48,722 INFO Register tps control,pointName=NAMING_RPC_PUSH, point=com.alibaba.nacos.core.remote.control.TpsMonitorPoint@680cc9cc 

2022-11-09 22:27:48,740 INFO Load rule from local,pointName=NAMING_RPC_PUSH, ruleContent= 

2022-11-09 22:27:48,740 INFO Apply tps control rule parse start,pointName=[NAMING_RPC_PUSH]  

2022-11-09 22:27:48,740 INFO Clear point  control rule ,pointName=[NAMING_RPC_PUSH]  

2022-11-09 22:27:48,740 INFO Clear point  control rule for monitorKeys, pointName=[NAMING_RPC_PUSH]  

2022-11-09 22:27:48,740 INFO Register tps control,pointName=NAMING_RPC_PUSH_SUCCESS, point=com.alibaba.nacos.core.remote.control.TpsMonitorPoint@170a5341 

2022-11-09 22:27:48,741 INFO Load rule from local,pointName=NAMING_RPC_PUSH_SUCCESS, ruleContent= 

2022-11-09 22:27:48,741 INFO Apply tps control rule parse start,pointName=[NAMING_RPC_PUSH_SUCCESS]  

2022-11-09 22:27:48,741 INFO Clear point  control rule ,pointName=[NAMING_RPC_PUSH_SUCCESS]  

2022-11-09 22:27:48,741 INFO Clear point  control rule for monitorKeys, pointName=[NAMING_RPC_PUSH_SUCCESS]  

2022-11-09 22:27:48,741 INFO Register tps control,pointName=NAMING_RPC_PUSH_FAIL, point=com.alibaba.nacos.core.remote.control.TpsMonitorPoint@cec17f3 

2022-11-09 22:27:48,742 INFO Load rule from local,pointName=NAMING_RPC_PUSH_FAIL, ruleContent= 

2022-11-09 22:27:48,742 INFO Apply tps control rule parse start,pointName=[NAMING_RPC_PUSH_FAIL]  

2022-11-09 22:27:48,742 INFO Clear point  control rule ,pointName=[NAMING_RPC_PUSH_FAIL]  

2022-11-09 22:27:48,742 INFO Clear point  control rule for monitorKeys, pointName=[NAMING_RPC_PUSH_FAIL]  

2022-11-09 22:27:48,742 INFO Register tps control,pointName=NAMING_UDP_PUSH, point=com.alibaba.nacos.core.remote.control.TpsMonitorPoint@5b6c358c 

2022-11-09 22:27:48,742 INFO Load rule from local,pointName=NAMING_UDP_PUSH, ruleContent= 

2022-11-09 22:27:48,742 INFO Apply tps control rule parse start,pointName=[NAMING_UDP_PUSH]  

2022-11-09 22:27:48,742 INFO Clear point  control rule ,pointName=[NAMING_UDP_PUSH]  

2022-11-09 22:27:48,742 INFO Clear point  control rule for monitorKeys, pointName=[NAMING_UDP_PUSH]  

2022-11-09 22:27:48,742 INFO Register tps control,pointName=NAMING_UDP_PUSH_SUCCESS, point=com.alibaba.nacos.core.remote.control.TpsMonitorPoint@5520d584 

2022-11-09 22:27:48,743 INFO Load rule from local,pointName=NAMING_UDP_PUSH_SUCCESS, ruleContent= 

2022-11-09 22:27:48,743 INFO Apply tps control rule parse start,pointName=[NAMING_UDP_PUSH_SUCCESS]  

2022-11-09 22:27:48,743 INFO Clear point  control rule ,pointName=[NAMING_UDP_PUSH_SUCCESS]  

2022-11-09 22:27:48,743 INFO Clear point  control rule for monitorKeys, pointName=[NAMING_UDP_PUSH_SUCCESS]  

2022-11-09 22:27:48,743 INFO Register tps control,pointName=NAMING_UDP_PUSH_FAIL, point=com.alibaba.nacos.core.remote.control.TpsMonitorPoint@1075143a 

2022-11-09 22:27:48,744 INFO Load rule from local,pointName=NAMING_UDP_PUSH_FAIL, ruleContent= 

2022-11-09 22:27:48,744 INFO Apply tps control rule parse start,pointName=[NAMING_UDP_PUSH_FAIL]  

2022-11-09 22:27:48,744 INFO Clear point  control rule ,pointName=[NAMING_UDP_PUSH_FAIL]  

2022-11-09 22:27:48,744 INFO Clear point  control rule for monitorKeys, pointName=[NAMING_UDP_PUSH_FAIL]  

2022-11-09 22:27:48,744 INFO Register tps control,pointName=NAMING_DISTRO_SYNC, point=com.alibaba.nacos.core.remote.control.TpsMonitorPoint@7ccada48 

2022-11-09 22:27:48,745 INFO Load rule from local,pointName=NAMING_DISTRO_SYNC, ruleContent= 

2022-11-09 22:27:48,745 INFO Apply tps control rule parse start,pointName=[NAMING_DISTRO_SYNC]  

2022-11-09 22:27:48,745 INFO Clear point  control rule ,pointName=[NAMING_DISTRO_SYNC]  

2022-11-09 22:27:48,745 INFO Clear point  control rule for monitorKeys, pointName=[NAMING_DISTRO_SYNC]  

2022-11-09 22:27:48,745 INFO Register tps control,pointName=NAMING_DISTRO_SYNC_SUCCESS, point=com.alibaba.nacos.core.remote.control.TpsMonitorPoint@46304008 

2022-11-09 22:27:48,746 INFO Load rule from local,pointName=NAMING_DISTRO_SYNC_SUCCESS, ruleContent= 

2022-11-09 22:27:48,746 INFO Apply tps control rule parse start,pointName=[NAMING_DISTRO_SYNC_SUCCESS]  

2022-11-09 22:27:48,746 INFO Clear point  control rule ,pointName=[NAMING_DISTRO_SYNC_SUCCESS]  

2022-11-09 22:27:48,746 INFO Clear point  control rule for monitorKeys, pointName=[NAMING_DISTRO_SYNC_SUCCESS]  

2022-11-09 22:27:48,746 INFO Register tps control,pointName=NAMING_DISTRO_SYNC_FAIL, point=com.alibaba.nacos.core.remote.control.TpsMonitorPoint@15ef31bf 

2022-11-09 22:27:48,747 INFO Load rule from local,pointName=NAMING_DISTRO_SYNC_FAIL, ruleContent= 

2022-11-09 22:27:48,747 INFO Apply tps control rule parse start,pointName=[NAMING_DISTRO_SYNC_FAIL]  

2022-11-09 22:27:48,747 INFO Clear point  control rule ,pointName=[NAMING_DISTRO_SYNC_FAIL]  

2022-11-09 22:27:48,747 INFO Clear point  control rule for monitorKeys, pointName=[NAMING_DISTRO_SYNC_FAIL]  

2022-11-09 22:27:48,747 INFO Register tps control,pointName=NAMING_DISTRO_VERIFY, point=com.alibaba.nacos.core.remote.control.TpsMonitorPoint@2d0323fc 

2022-11-09 22:27:48,748 INFO Load rule from local,pointName=NAMING_DISTRO_VERIFY, ruleContent= 

2022-11-09 22:27:48,748 INFO Apply tps control rule parse start,pointName=[NAMING_DISTRO_VERIFY]  

2022-11-09 22:27:48,748 INFO Clear point  control rule ,pointName=[NAMING_DISTRO_VERIFY]  

2022-11-09 22:27:48,748 INFO Clear point  control rule for monitorKeys, pointName=[NAMING_DISTRO_VERIFY]  

2022-11-09 22:27:48,748 INFO Register tps control,pointName=NAMING_DISTRO_VERIFY_SUCCESS, point=com.alibaba.nacos.core.remote.control.TpsMonitorPoint@731a48e 

2022-11-09 22:27:48,748 INFO Load rule from local,pointName=NAMING_DISTRO_VERIFY_SUCCESS, ruleContent= 

2022-11-09 22:27:48,748 INFO Apply tps control rule parse start,pointName=[NAMING_DISTRO_VERIFY_SUCCESS]  

2022-11-09 22:27:48,748 INFO Clear point  control rule ,pointName=[NAMING_DISTRO_VERIFY_SUCCESS]  

2022-11-09 22:27:48,748 INFO Clear point  control rule for monitorKeys, pointName=[NAMING_DISTRO_VERIFY_SUCCESS]  

2022-11-09 22:27:48,748 INFO Register tps control,pointName=NAMING_DISTRO_VERIFY_FAIL, point=com.alibaba.nacos.core.remote.control.TpsMonitorPoint@43c59460 

2022-11-09 22:27:48,749 INFO Load rule from local,pointName=NAMING_DISTRO_VERIFY_FAIL, ruleContent= 

2022-11-09 22:27:48,749 INFO Apply tps control rule parse start,pointName=[NAMING_DISTRO_VERIFY_FAIL]  

2022-11-09 22:27:48,749 INFO Clear point  control rule ,pointName=[NAMING_DISTRO_VERIFY_FAIL]  

2022-11-09 22:27:48,749 INFO Clear point  control rule for monitorKeys, pointName=[NAMING_DISTRO_VERIFY_FAIL]  

